Unity Editor version:    2021.3.6f1 (7da38d85baf6)
Branch:                  2021.3/staging
Build type:              Release
Batch mode:              YES
macOS version:           Version 12.4 (Build 21F79)
Darwin version:          21.5.0
Architecture:            arm64
Running under Rosetta:   NO
Available memory:        16384 MB
Using pre-set license
Pro License: YES

COMMAND LINE ARGUMENTS:
/Applications/Unity/Hub/Editor/2021.3.6f1/Unity.app/Contents/MacOS/Unity
-adb2
-batchMode
-noUpm
-name
AssetImportWorker1
-projectPath
/Users/alex6095/Documents/GitHub/Project-Molu/Project-Molu
-logFile
Logs/AssetImportWorker1.log
-srvPort
57840
Successfully changed project path to: /Users/alex6095/Documents/GitHub/Project-Molu/Project-Molu
/Users/alex6095/Documents/GitHub/Project-Molu/Project-Molu
[UnityMemory] Configuration Parameters - Can be set up in boot.config
    "memorysetup-bucket-allocator-granularity=16"
    "memorysetup-bucket-allocator-bucket-count=8"
    "memorysetup-bucket-allocator-block-size=33554432"
    "memorysetup-bucket-allocator-block-count=8"
    "memorysetup-main-allocator-block-size=16777216"
    "memorysetup-thread-allocator-block-size=16777216"
    "memorysetup-gfx-main-allocator-block-size=16777216"
    "memorysetup-gfx-thread-allocator-block-size=16777216"
    "memorysetup-cache-allocator-block-size=4194304"
    "memorysetup-typetree-allocator-block-size=2097152"
    "memorysetup-profiler-bucket-allocator-granularity=16"
    "memorysetup-profiler-bucket-allocator-bucket-count=8"
    "memorysetup-profiler-bucket-allocator-block-size=33554432"
    "memorysetup-profiler-bucket-allocator-block-count=8"
    "memorysetup-profiler-allocator-block-size=16777216"
    "memorysetup-profiler-editor-allocator-block-size=1048576"
    "memorysetup-temp-allocator-size-main=16777216"
    "memorysetup-job-temp-allocator-block-size=2097152"
    "memorysetup-job-temp-allocator-block-size-background=1048576"
    "memorysetup-job-temp-allocator-reduction-small-platforms=262144"
    "memorysetup-temp-allocator-size-background-worker=32768"
    "memorysetup-temp-allocator-size-job-worker=262144"
    "memorysetup-temp-allocator-size-preload-manager=33554432"
    "memorysetup-temp-allocator-size-nav-mesh-worker=65536"
    "memorysetup-temp-allocator-size-audio-worker=65536"
    "memorysetup-temp-allocator-size-cloud-worker=32768"
    "memorysetup-temp-allocator-size-gi-baking-worker=262144"
    "memorysetup-temp-allocator-size-gfx=262144"
Refreshing native plugins compatible for Editor in 93.49 ms, found 2 plugins.
Preloading 0 native plugins for Editor in 0.00 ms.
Initialize engine version: 2021.3.6f1 (7da38d85baf6)
[Subsystems] Discovering subsystems at path /Applications/Unity/Hub/Editor/2021.3.6f1/Unity.app/Contents/Resources/UnitySubsystems
[Subsystems] Discovering subsystems at path /Users/alex6095/Documents/GitHub/Project-Molu/Project-Molu/Assets
GfxDevice: creating device client; threaded=0; jobified=0
 preferred device: Apple M1 (high power)
Metal devices available: 1
0: Apple M1 (high power)
Using device Apple M1 (high power)
Initializing Metal device caps: Apple M1
Initialize mono
Mono path[0] = '/Applications/Unity/Hub/Editor/2021.3.6f1/Unity.app/Contents/Managed'
Mono path[1] = '/Applications/Unity/Hub/Editor/2021.3.6f1/Unity.app/Contents/MonoBleedingEdge/lib/mono/unityjit-macos'
Mono config path = '/Applications/Unity/Hub/Editor/2021.3.6f1/Unity.app/Contents/MonoBleedingEdge/etc'
Using monoOptions --debugger-agent=transport=dt_socket,embedding=1,server=y,suspend=n,address=127.0.0.1:56791
Begin MonoManager ReloadAssembly
Registering precompiled unity dll's ...
Register platform support module: /Applications/Unity/Hub/Editor/2021.3.6f1/Unity.app/Contents/PlaybackEngines/MacStandaloneSupport/UnityEditor.OSXStandalone.Extensions.dll
Register platform support module: /Applications/Unity/Hub/Editor/2021.3.6f1/PlaybackEngines/AndroidPlayer/UnityEditor.Android.Extensions.dll
Register platform support module: /Applications/Unity/Hub/Editor/2021.3.6f1/PlaybackEngines/iOSSupport/UnityEditor.iOS.Extensions.dll
Registered in 0.001543 seconds.
[usbmuxd] Start listen thread
[usbmuxd] Listen thread started
[usbmuxd] Send listen message
Native extension for iOS target not found
Native extension for Android target not found
Native extension for OSXStandalone target not found
Refreshing native plugins compatible for Editor in 84.80 ms, found 2 plugins.
Preloading 0 native plugins for Editor in 0.00 ms.
Mono: successfully reloaded assembly
- Completed reload, in  0.461 seconds
Domain Reload Profiling:
	ReloadAssembly (461ms)
		BeginReloadAssembly (71ms)
			ExecutionOrderSort (0ms)
			DisableScriptedObjects (0ms)
			BackupInstance (0ms)
			ReleaseScriptingObjects (0ms)
			CreateAndSetChildDomain (0ms)
		EndReloadAssembly (323ms)
			LoadAssemblies (73ms)
			RebuildTransferFunctionScriptingTraits (0ms)
			SetupTypeCache (69ms)
			ReleaseScriptCaches (0ms)
			RebuildScriptCaches (18ms)
			SetupLoadedEditorAssemblies (209ms)
				LogAssemblyErrors (0ms)
				InitializePlatformSupportModulesInManaged (47ms)
				SetLoadedEditorAssemblies (0ms)
				RefreshPlugins (85ms)
				BeforeProcessingInitializeOnLoad (1ms)
				ProcessInitializeOnLoadAttributes (48ms)
				ProcessInitializeOnLoadMethodAttributes (28ms)
				AfterProcessingInitializeOnLoad (0ms)
				EditorAssembliesLoaded (0ms)
			ExecutionOrderSort2 (0ms)
			AwakeInstancesAfterBackupRestoration (0ms)
Platform modules already initialized, skipping
Registering precompiled user dll's ...
Registered in 0.002077 seconds.
Begin MonoManager ReloadAssembly
Symbol file data-0x1381e8000 doesn't match image /Users/alex6095/Documents/GitHub/Project-Molu/Project-Molu/Library/ScriptAssemblies/Unity.VisualScripting.Flow.Editor.dll
Symbol file LoadedFromMemory is not a mono symbol file
Symbol file data-0x149380000 doesn't match image /Users/alex6095/Documents/GitHub/Project-Molu/Project-Molu/Library/ScriptAssemblies/PlayFabSDKEditor.dll
Symbol file LoadedFromMemory is not a mono symbol file
Symbol file data-0x149384200 doesn't match image /Users/alex6095/Documents/GitHub/Project-Molu/Project-Molu/Library/ScriptAssemblies/Unity.VSCode.Editor.dll
Symbol file LoadedFromMemory is not a mono symbol file
Symbol file data-0x138270000 doesn't match image /Users/alex6095/Documents/GitHub/Project-Molu/Project-Molu/Library/ScriptAssemblies/PlayFabEditorExtensions.dll
Symbol file LoadedFromMemory is not a mono symbol file
Symbol file data-0x1382b8000 doesn't match image /Users/alex6095/Documents/GitHub/Project-Molu/Project-Molu/Library/ScriptAssemblies/Unity.TextMeshPro.Editor.dll
Symbol file LoadedFromMemory is not a mono symbol file
Symbol file data-0x149386a00 doesn't match image /Users/alex6095/Documents/GitHub/Project-Molu/Project-Molu/Library/ScriptAssemblies/Unity.Services.Core.Telemetry.dll
Symbol file LoadedFromMemory is not a mono symbol file
Symbol file data-0x138310000 doesn't match image /Users/alex6095/Documents/GitHub/Project-Molu/Project-Molu/Library/ScriptAssemblies/Unity.Performance.Profile-Analyzer.Editor.dll
Symbol file LoadedFromMemory is not a mono symbol file
Symbol file data-0x14755e000 doesn't match image /Users/alex6095/Documents/GitHub/Project-Molu/Project-Molu/Library/ScriptAssemblies/Unity.TestTools.CodeCoverage.Editor.OpenCover.Model.dll
Symbol file LoadedFromMemory is not a mono symbol file
Symbol file data-0x128510000 doesn't match image /Users/alex6095/Documents/GitHub/Project-Molu/Project-Molu/Library/ScriptAssemblies/Unity.VisualStudio.Editor.dll
Symbol file LoadedFromMemory is not a mono symbol file
Symbol file data-0x2889d0000 doesn't match image /Users/alex6095/Documents/GitHub/Project-Molu/Project-Molu/Library/ScriptAssemblies/UnityEngine.TestRunner.dll
Symbol file LoadedFromMemory is not a mono symbol file
Symbol file data-0x288a60000 doesn't match image /Users/alex6095/Documents/GitHub/Project-Molu/Project-Molu/Library/ScriptAssemblies/Unity.Timeline.dll
Symbol file LoadedFromMemory is not a mono symbol file
Symbol file data-0x138330000 doesn't match image /Users/alex6095/Documents/GitHub/Project-Molu/Project-Molu/Library/ScriptAssemblies/Unity.VisualScripting.Core.Editor.dll
Symbol file LoadedFromMemory is not a mono symbol file
Symbol file data-0x1383e8000 doesn't match image /Users/alex6095/Documents/GitHub/Project-Molu/Project-Molu/Library/ScriptAssemblies/Unity.TextMeshPro.dll
Symbol file LoadedFromMemory is not a mono symbol file
Symbol file data-0x138270000 doesn't match image /Users/alex6095/Documents/GitHub/Project-Molu/Project-Molu/Library/ScriptAssemblies/Unity.VisualScripting.State.Editor.dll
Symbol file LoadedFromMemory is not a mono symbol file
Symbol file data-0x138340000 doesn't match image /Users/alex6095/Documents/GitHub/Project-Molu/Project-Molu/Library/ScriptAssemblies/UnityEditor.TestRunner.dll
Symbol file LoadedFromMemory is not a mono symbol file
Symbol file data-0x138358000 doesn't match image /Users/alex6095/Documents/GitHub/Project-Molu/Project-Molu/Library/ScriptAssemblies/PlayFab.dll
Symbol file LoadedFromMemory is not a mono symbol file
Symbol file data-0x149394e00 doesn't match image /Users/alex6095/Documents/GitHub/Project-Molu/Project-Molu/Library/ScriptAssemblies/Unity.VisualScripting.SettingsProvider.Editor.dll
Symbol file LoadedFromMemory is not a mono symbol file
Symbol file data-0x149239a00 doesn't match image /Users/alex6095/Documents/GitHub/Project-Molu/Project-Molu/Library/ScriptAssemblies/Unity.Services.Core.Networking.dll
Symbol file LoadedFromMemory is not a mono symbol file
Symbol file data-0x1493a0200 doesn't match image /Users/alex6095/Documents/GitHub/Project-Molu/Project-Molu/Library/ScriptAssemblies/Unity.TestTools.CodeCoverage.Editor.OpenCover.Mono.Reflection.dll
Symbol file LoadedFromMemory is not a mono symbol file
Symbol file data-0x138438000 doesn't match image /Users/alex6095/Documents/GitHub/Project-Molu/Project-Molu/Library/ScriptAssemblies/UnityEditor.UI.dll
Symbol file LoadedFromMemory is not a mono symbol file
Symbol file data-0x1385c8000 doesn't match image /Users/alex6095/Documents/GitHub/Project-Molu/Project-Molu/Library/ScriptAssemblies/Unity.Rider.Editor.dll
Symbol file LoadedFromMemory is not a mono symbol file
Symbol file data-0x138658000 doesn't match image /Users/alex6095/Documents/GitHub/Project-Molu/Project-Molu/Library/ScriptAssemblies/Unity.PlasticSCM.Editor.dll
Symbol file LoadedFromMemory is not a mono symbol file
Symbol file data-0x1386b0000 doesn't match image /Users/alex6095/Documents/GitHub/Project-Molu/Project-Molu/Library/ScriptAssemblies/Unity.Services.Core.Internal.dll
Symbol file LoadedFromMemory is not a mono symbol file
Symbol file data-0x138658000 doesn't match image /Users/alex6095/Documents/GitHub/Project-Molu/Project-Molu/Library/ScriptAssemblies/Unity.VisualScripting.Flow.dll
Symbol file LoadedFromMemory is not a mono symbol file
Symbol file data-0x1493abc00 doesn't match image /Users/alex6095/Documents/GitHub/Project-Molu/Project-Molu/Library/ScriptAssemblies/Unity.Services.Core.Configuration.dll
Symbol file LoadedFromMemory is not a mono symbol file
Symbol file data-0x1493b3800 doesn't match image /Users/alex6095/Documents/GitHub/Project-Molu/Project-Molu/Library/ScriptAssemblies/Unity.Services.Core.dll
Symbol file LoadedFromMemory is not a mono symbol file
Symbol file data-0x1493b8000 doesn't match image /Users/alex6095/Documents/GitHub/Project-Molu/Project-Molu/Library/ScriptAssemblies/Unity.EditorCoroutines.Editor.dll
Symbol file LoadedFromMemory is not a mono symbol file
Symbol file data-0x1387a0000 doesn't match image /Users/alex6095/Documents/GitHub/Project-Molu/Project-Molu/Library/ScriptAssemblies/Unity.VisualScripting.Core.dll
Symbol file LoadedFromMemory is not a mono symbol file
Symbol file data-0x1387f0000 doesn't match image /Users/alex6095/Documents/GitHub/Project-Molu/Project-Molu/Library/ScriptAssemblies/UnityEngine.UI.dll
Symbol file LoadedFromMemory is not a mono symbol file
Symbol file data-0x138820000 doesn't match image /Users/alex6095/Documents/GitHub/Project-Molu/Project-Molu/Library/ScriptAssemblies/Unity.Services.Core.Editor.dll
Symbol file LoadedFromMemory is not a mono symbol file
Symbol file data-0x1493b7600 doesn't match image /Users/alex6095/Documents/GitHub/Project-Molu/Project-Molu/Library/ScriptAssemblies/Unity.Services.Core.Configuration.Editor.dll
Symbol file LoadedFromMemory is not a mono symbol file
Symbol file data-0x1493bd800 doesn't match image /Users/alex6095/Documents/GitHub/Project-Molu/Project-Molu/Library/ScriptAssemblies/Unity.Services.Core.Analytics.dll
Symbol file LoadedFromMemory is not a mono symbol file
Symbol file data-0x1493c1800 doesn't match image /Users/alex6095/Documents/GitHub/Project-Molu/Project-Molu/Library/ScriptAssemblies/Unity.Services.Core.Registration.dll
Symbol file LoadedFromMemory is not a mono symbol file
Symbol file data-0x1493bd800 doesn't match image /Users/alex6095/Documents/GitHub/Project-Molu/Project-Molu/Library/ScriptAssemblies/Unity.VisualScripting.Shared.Editor.dll
Symbol file LoadedFromMemory is not a mono symbol file
Symbol file data-0x1493c8600 doesn't match image /Users/alex6095/Documents/GitHub/Project-Molu/Project-Molu/Library/ScriptAssemblies/Unity.Services.Core.Environments.dll
Symbol file LoadedFromMemory is not a mono symbol file
Symbol file data-0x1493cc600 doesn't match image /Users/alex6095/Documents/GitHub/Project-Molu/Project-Molu/Library/ScriptAssemblies/Unity.Settings.Editor.dll
Symbol file LoadedFromMemory is not a mono symbol file
Symbol file data-0x1493cf400 doesn't match image /Users/alex6095/Documents/GitHub/Project-Molu/Project-Molu/Library/ScriptAssemblies/Unity.Services.Core.Scheduler.dll
Symbol file LoadedFromMemory is not a mono symbol file
Symbol file data-0x1493cce00 doesn't match image /Users/alex6095/Documents/GitHub/Project-Molu/Project-Molu/Library/ScriptAssemblies/Unity.Services.Core.Environments.Internal.dll
Symbol file LoadedFromMemory is not a mono symbol file
Symbol file data-0x138900000 doesn't match image /Users/alex6095/Documents/GitHub/Project-Molu/Project-Molu/Library/ScriptAssemblies/Unity.Timeline.Editor.dll
Symbol file LoadedFromMemory is not a mono symbol file
Symbol file data-0x138998000 doesn't match image /Users/alex6095/Documents/GitHub/Project-Molu/Project-Molu/Library/ScriptAssemblies/Unity.CollabProxy.Editor.dll
Symbol file LoadedFromMemory is not a mono symbol file
Symbol file data-0x1493cd600 doesn't match image /Users/alex6095/Documents/GitHub/Project-Molu/Project-Molu/Library/ScriptAssemblies/Unity.Services.Core.Threading.dll
Symbol file LoadedFromMemory is not a mono symbol file
Symbol file data-0x138998000 doesn't match image /Users/alex6095/Documents/GitHub/Project-Molu/Project-Molu/Library/ScriptAssemblies/Unity.TestTools.CodeCoverage.Editor.dll
Symbol file LoadedFromMemory is not a mono symbol file
Symbol file data-0x1493e2a00 doesn't match image /Users/alex6095/Documents/GitHub/Project-Molu/Project-Molu/Library/ScriptAssemblies/Unity.VisualScripting.State.dll
Symbol file LoadedFromMemory is not a mono symbol file
Symbol file data-0x1493eaa00 doesn't match image /Users/alex6095/Documents/GitHub/Project-Molu/Project-Molu/Library/ScriptAssemblies/Unity.Services.Core.Device.dll
Symbol file LoadedFromMemory is not a mono symbol file
Symbol file LoadedFromMemory doesn't match image /Users/alex6095/Documents/GitHub/Project-Molu/Project-Molu/Library/PackageCache/com.unity.visualscripting@1.7.8/Editor/VisualScripting.Core/Dependencies/YamlDotNet/Unity.VisualScripting.YamlDotNet.dll
Symbol file LoadedFromMemory doesn't match image /Users/alex6095/Documents/GitHub/Project-Molu/Project-Molu/Library/PackageCache/com.unity.visualscripting@1.7.8/Editor/VisualScripting.Core/Dependencies/DotNetZip/Unity.VisualScripting.IonicZip.dll
Native extension for iOS target not found
Native extension for Android target not found
Native extension for OSXStandalone target not found
Refreshing native plugins compatible for Editor in 0.61 ms, found 2 plugins.
Preloading 0 native plugins for Editor in 0.00 ms.
Mono: successfully reloaded assembly
- Completed reload, in  0.964 seconds
Domain Reload Profiling:
	ReloadAssembly (964ms)
		BeginReloadAssembly (189ms)
			ExecutionOrderSort (0ms)
			DisableScriptedObjects (3ms)
			BackupInstance (0ms)
			ReleaseScriptingObjects (0ms)
			CreateAndSetChildDomain (132ms)
		EndReloadAssembly (699ms)
			LoadAssemblies (59ms)
			RebuildTransferFunctionScriptingTraits (1ms)
			SetupTypeCache (192ms)
			ReleaseScriptCaches (4ms)
			RebuildScriptCaches (42ms)
			SetupLoadedEditorAssemblies (385ms)
				LogAssemblyErrors (0ms)
				InitializePlatformSupportModulesInManaged (15ms)
				SetLoadedEditorAssemblies (0ms)
				RefreshPlugins (1ms)
				BeforeProcessingInitializeOnLoad (65ms)
				ProcessInitializeOnLoadAttributes (281ms)
				ProcessInitializeOnLoadMethodAttributes (23ms)
				AfterProcessingInitializeOnLoad (1ms)
				EditorAssembliesLoaded (0ms)
			ExecutionOrderSort2 (0ms)
			AwakeInstancesAfterBackupRestoration (2ms)
Platform modules already initialized, skipping
========================================================================
Worker process is ready to serve import requests
Launching external process: /Applications/Unity/Hub/Editor/2021.3.6f1/Unity.app/Contents/Tools/UnityShaderCompiler
Launched and connected shader compiler UnityShaderCompiler after 0.05 seconds
Refreshing native plugins compatible for Editor in 0.47 ms, found 2 plugins.
Preloading 0 native plugins for Editor in 0.00 ms.
Unloading 4160 Unused Serialized files (Serialized files now loaded: 0)
Unloading 132 unused Assets / (14.2 MB). Loaded Objects now: 4556.
Memory consumption went from 414.3 MB to 400.1 MB.
Total: 7.573959 ms (FindLiveObjects: 0.171708 ms CreateObjectMapping: 0.053292 ms MarkObjects: 3.052458 ms  DeleteObjects: 4.295792 ms)

AssetImportParameters requested are different than current active one (requested -> active):
  custom:video-decoder-ogg-theora: a1e56fd34408186e4bbccfd4996cb3dc -> 
  custom:container-muxer-webm: aa71ff27fc2769a1b78a27578f13a17b -> 
  custom:container-demuxer-webm: 4f35f7cbe854078d1ac9338744f61a02 -> 
  custom:video-encoder-webm-vp8: eb34c28f22e8b96e1ab97ce403110664 -> 
  custom:framework-osx-AVFoundation: e770b220cccbd017edd2c1fefb359320 -> 
  custom:audio-encoder-webm-vorbis: bf7c407c2cedff20999df2af8eb42d56 -> 
  custom:container-demuxer-ogg: 62fdf1f143b41e24485cea50d1cbac27 -> 
  custom:video-decoder-webm-vp8: 9c59270c3fd7afecdb556c50c9e8de78 -> 
  custom:audio-decoder-ogg-vorbis: bf7c407c2cedff20999df2af8eb42d56 -> 
========================================================================
Received Prepare
Registering precompiled user dll's ...
Registered in 0.001922 seconds.
Begin MonoManager ReloadAssembly
Thread 0x2a419f000 may have been prematurely finalized
Symbol file data-0x1389d0000 doesn't match image /Users/alex6095/Documents/GitHub/Project-Molu/Project-Molu/Library/ScriptAssemblies/Unity.VisualScripting.Flow.Editor.dll
Symbol file LoadedFromMemory is not a mono symbol file
Symbol file data-0x14a327800 doesn't match image /Users/alex6095/Documents/GitHub/Project-Molu/Project-Molu/Library/ScriptAssemblies/PlayFabSDKEditor.dll
Symbol file LoadedFromMemory is not a mono symbol file
Symbol file data-0x14a6ea000 doesn't match image /Users/alex6095/Documents/GitHub/Project-Molu/Project-Molu/Library/ScriptAssemblies/Unity.VSCode.Editor.dll
Symbol file LoadedFromMemory is not a mono symbol file
Symbol file data-0x138a58000 doesn't match image /Users/alex6095/Documents/GitHub/Project-Molu/Project-Molu/Library/ScriptAssemblies/PlayFabEditorExtensions.dll
Symbol file LoadedFromMemory is not a mono symbol file
Symbol file data-0x138c70000 doesn't match image /Users/alex6095/Documents/GitHub/Project-Molu/Project-Molu/Library/ScriptAssemblies/Unity.TextMeshPro.Editor.dll
Symbol file LoadedFromMemory is not a mono symbol file
Symbol file data-0x14a327800 doesn't match image /Users/alex6095/Documents/GitHub/Project-Molu/Project-Molu/Library/ScriptAssemblies/Unity.Services.Core.Telemetry.dll
Symbol file LoadedFromMemory is not a mono symbol file
Symbol file data-0x138cc8000 doesn't match image /Users/alex6095/Documents/GitHub/Project-Molu/Project-Molu/Library/ScriptAssemblies/Unity.Performance.Profile-Analyzer.Editor.dll
Symbol file LoadedFromMemory is not a mono symbol file
Symbol file data-0x14a6f0a00 doesn't match image /Users/alex6095/Documents/GitHub/Project-Molu/Project-Molu/Library/ScriptAssemblies/Unity.TestTools.CodeCoverage.Editor.OpenCover.Model.dll
Symbol file LoadedFromMemory is not a mono symbol file
Symbol file data-0x138a58000 doesn't match image /Users/alex6095/Documents/GitHub/Project-Molu/Project-Molu/Library/ScriptAssemblies/Unity.VisualStudio.Editor.dll
Symbol file LoadedFromMemory is not a mono symbol file
Symbol file data-0x138a58000 doesn't match image /Users/alex6095/Documents/GitHub/Project-Molu/Project-Molu/Library/ScriptAssemblies/UnityEngine.TestRunner.dll
Symbol file LoadedFromMemory is not a mono symbol file
Symbol file data-0x128888000 doesn't match image /Users/alex6095/Documents/GitHub/Project-Molu/Project-Molu/Library/ScriptAssemblies/Unity.Timeline.dll
Symbol file LoadedFromMemory is not a mono symbol file
Symbol file data-0x1288a0000 doesn't match image /Users/alex6095/Documents/GitHub/Project-Molu/Project-Molu/Library/ScriptAssemblies/Unity.VisualScripting.Core.Editor.dll
Symbol file LoadedFromMemory is not a mono symbol file
Symbol file data-0x128958000 doesn't match image /Users/alex6095/Documents/GitHub/Project-Molu/Project-Molu/Library/ScriptAssemblies/Unity.TextMeshPro.dll
Symbol file LoadedFromMemory is not a mono symbol file
Symbol file data-0x1288a0000 doesn't match image /Users/alex6095/Documents/GitHub/Project-Molu/Project-Molu/Library/ScriptAssemblies/Unity.VisualScripting.State.Editor.dll
Symbol file LoadedFromMemory is not a mono symbol file
Symbol file data-0x1288b0000 doesn't match image /Users/alex6095/Documents/GitHub/Project-Molu/Project-Molu/Library/ScriptAssemblies/UnityEditor.TestRunner.dll
Symbol file LoadedFromMemory is not a mono symbol file
Symbol file data-0x1288c8000 doesn't match image /Users/alex6095/Documents/GitHub/Project-Molu/Project-Molu/Library/ScriptAssemblies/PlayFab.dll
Symbol file LoadedFromMemory is not a mono symbol file
Symbol file data-0x148e9d400 doesn't match image /Users/alex6095/Documents/GitHub/Project-Molu/Project-Molu/Library/ScriptAssemblies/Unity.VisualScripting.SettingsProvider.Editor.dll
Symbol file LoadedFromMemory is not a mono symbol file
Symbol file data-0x148a32600 doesn't match image /Users/alex6095/Documents/GitHub/Project-Molu/Project-Molu/Library/ScriptAssemblies/Unity.Services.Core.Networking.dll
Symbol file LoadedFromMemory is not a mono symbol file
Symbol file data-0x148f02c00 doesn't match image /Users/alex6095/Documents/GitHub/Project-Molu/Project-Molu/Library/ScriptAssemblies/Unity.TestTools.CodeCoverage.Editor.OpenCover.Mono.Reflection.dll
Symbol file LoadedFromMemory is not a mono symbol file
Symbol file data-0x128730000 doesn't match image /Users/alex6095/Documents/GitHub/Project-Molu/Project-Molu/Library/ScriptAssemblies/UnityEditor.UI.dll
Symbol file LoadedFromMemory is not a mono symbol file
Symbol file data-0x128778000 doesn't match image /Users/alex6095/Documents/GitHub/Project-Molu/Project-Molu/Library/ScriptAssemblies/Unity.Rider.Editor.dll
Symbol file LoadedFromMemory is not a mono symbol file
Symbol file data-0x128808000 doesn't match image /Users/alex6095/Documents/GitHub/Project-Molu/Project-Molu/Library/ScriptAssemblies/Unity.PlasticSCM.Editor.dll
Symbol file LoadedFromMemory is not a mono symbol file
Symbol file data-0x128078000 doesn't match image /Users/alex6095/Documents/GitHub/Project-Molu/Project-Molu/Library/ScriptAssemblies/Unity.Services.Core.Internal.dll
Symbol file LoadedFromMemory is not a mono symbol file
Symbol file data-0x128808000 doesn't match image /Users/alex6095/Documents/GitHub/Project-Molu/Project-Molu/Library/ScriptAssemblies/Unity.VisualScripting.Flow.dll
Symbol file LoadedFromMemory is not a mono symbol file
Symbol file data-0x148f02c00 doesn't match image /Users/alex6095/Documents/GitHub/Project-Molu/Project-Molu/Library/ScriptAssemblies/Unity.Services.Core.Configuration.dll
Symbol file LoadedFromMemory is not a mono symbol file
Symbol file data-0x148d19800 doesn't match image /Users/alex6095/Documents/GitHub/Project-Molu/Project-Molu/Library/ScriptAssemblies/Unity.Services.Core.dll
Symbol file LoadedFromMemory is not a mono symbol file
Symbol file data-0x148bd1a00 doesn't match image /Users/alex6095/Documents/GitHub/Project-Molu/Project-Molu/Library/ScriptAssemblies/Unity.EditorCoroutines.Editor.dll
Symbol file LoadedFromMemory is not a mono symbol file
Symbol file data-0x128168000 doesn't match image /Users/alex6095/Documents/GitHub/Project-Molu/Project-Molu/Library/ScriptAssemblies/Unity.VisualScripting.Core.dll
Symbol file LoadedFromMemory is not a mono symbol file
Symbol file data-0x1281a8000 doesn't match image /Users/alex6095/Documents/GitHub/Project-Molu/Project-Molu/Library/ScriptAssemblies/UnityEngine.UI.dll
Symbol file LoadedFromMemory is not a mono symbol file
Symbol file data-0x1281d8000 doesn't match image /Users/alex6095/Documents/GitHub/Project-Molu/Project-Molu/Library/ScriptAssemblies/Unity.Services.Core.Editor.dll
Symbol file LoadedFromMemory is not a mono symbol file
Symbol file data-0x148bd1a00 doesn't match image /Users/alex6095/Documents/GitHub/Project-Molu/Project-Molu/Library/ScriptAssemblies/Unity.Services.Core.Configuration.Editor.dll
Symbol file LoadedFromMemory is not a mono symbol file
Symbol file data-0x1489dda00 doesn't match image /Users/alex6095/Documents/GitHub/Project-Molu/Project-Molu/Library/ScriptAssemblies/Unity.Services.Core.Analytics.dll
Symbol file LoadedFromMemory is not a mono symbol file
Symbol file data-0x148f02c00 doesn't match image /Users/alex6095/Documents/GitHub/Project-Molu/Project-Molu/Library/ScriptAssemblies/Unity.Services.Core.Registration.dll
Symbol file LoadedFromMemory is not a mono symbol file
Symbol file data-0x148f02c00 doesn't match image /Users/alex6095/Documents/GitHub/Project-Molu/Project-Molu/Library/ScriptAssemblies/Unity.VisualScripting.Shared.Editor.dll
Symbol file LoadedFromMemory is not a mono symbol file
Symbol file data-0x1489dda00 doesn't match image /Users/alex6095/Documents/GitHub/Project-Molu/Project-Molu/Library/ScriptAssemblies/Unity.Services.Core.Environments.dll
Symbol file LoadedFromMemory is not a mono symbol file
Symbol file data-0x148e59c00 doesn't match image /Users/alex6095/Documents/GitHub/Project-Molu/Project-Molu/Library/ScriptAssemblies/Unity.Settings.Editor.dll
Symbol file LoadedFromMemory is not a mono symbol file
Symbol file data-0x148bd1a00 doesn't match image /Users/alex6095/Documents/GitHub/Project-Molu/Project-Molu/Library/ScriptAssemblies/Unity.Services.Core.Scheduler.dll
Symbol file LoadedFromMemory is not a mono symbol file
Symbol file data-0x1489dda00 doesn't match image /Users/alex6095/Documents/GitHub/Project-Molu/Project-Molu/Library/ScriptAssemblies/Unity.Services.Core.Environments.Internal.dll
Symbol file LoadedFromMemory is not a mono symbol file
Symbol file data-0x1282b8000 doesn't match image /Users/alex6095/Documents/GitHub/Project-Molu/Project-Molu/Library/ScriptAssemblies/Unity.Timeline.Editor.dll
Symbol file LoadedFromMemory is not a mono symbol file
Symbol file data-0x138a58000 doesn't match image /Users/alex6095/Documents/GitHub/Project-Molu/Project-Molu/Library/ScriptAssemblies/Unity.CollabProxy.Editor.dll
Symbol file LoadedFromMemory is not a mono symbol file
Symbol file data-0x14a6f0a00 doesn't match image /Users/alex6095/Documents/GitHub/Project-Molu/Project-Molu/Library/ScriptAssemblies/Unity.Services.Core.Threading.dll
Symbol file LoadedFromMemory is not a mono symbol file
Symbol file data-0x138a58000 doesn't match image /Users/alex6095/Documents/GitHub/Project-Molu/Project-Molu/Library/ScriptAssemblies/Unity.TestTools.CodeCoverage.Editor.dll
Symbol file LoadedFromMemory is not a mono symbol file
Symbol file data-0x14a6fbc00 doesn't match image /Users/alex6095/Documents/GitHub/Project-Molu/Project-Molu/Library/ScriptAssemblies/Unity.VisualScripting.State.dll
Symbol file LoadedFromMemory is not a mono symbol file
Symbol file data-0x14a702000 doesn't match image /Users/alex6095/Documents/GitHub/Project-Molu/Project-Molu/Library/ScriptAssemblies/Unity.Services.Core.Device.dll
Symbol file LoadedFromMemory is not a mono symbol file
Symbol file LoadedFromMemory doesn't match image /Users/alex6095/Documents/GitHub/Project-Molu/Project-Molu/Library/PackageCache/com.unity.visualscripting@1.7.8/Editor/VisualScripting.Core/Dependencies/YamlDotNet/Unity.VisualScripting.YamlDotNet.dll
Symbol file LoadedFromMemory doesn't match image /Users/alex6095/Documents/GitHub/Project-Molu/Project-Molu/Library/PackageCache/com.unity.visualscripting@1.7.8/Editor/VisualScripting.Core/Dependencies/DotNetZip/Unity.VisualScripting.IonicZip.dll
Native extension for iOS target not found
2022-07-20 13:11:42.223 Unity[7791:434400] [XcodeApplications] Failed to read NSDictionary from path ĝjE/Contents/Info.plist
Native extension for Android target not found
Native extension for OSXStandalone target not found
Refreshing native plugins compatible for Editor in 0.46 ms, found 2 plugins.
Preloading 0 native plugins for Editor in 0.00 ms.
Mono: successfully reloaded assembly
- Completed reload, in  0.691 seconds
Domain Reload Profiling:
	ReloadAssembly (691ms)
		BeginReloadAssembly (80ms)
			ExecutionOrderSort (0ms)
			DisableScriptedObjects (4ms)
			BackupInstance (0ms)
			ReleaseScriptingObjects (0ms)
			CreateAndSetChildDomain (29ms)
		EndReloadAssembly (555ms)
			LoadAssemblies (35ms)
			RebuildTransferFunctionScriptingTraits (0ms)
			SetupTypeCache (175ms)
			ReleaseScriptCaches (1ms)
			RebuildScriptCaches (28ms)
			SetupLoadedEditorAssemblies (288ms)
				LogAssemblyErrors (0ms)
				InitializePlatformSupportModulesInManaged (15ms)
				SetLoadedEditorAssemblies (0ms)
				RefreshPlugins (0ms)
				BeforeProcessingInitializeOnLoad (40ms)
				ProcessInitializeOnLoadAttributes (214ms)
				ProcessInitializeOnLoadMethodAttributes (18ms)
				AfterProcessingInitializeOnLoad (1ms)
				EditorAssembliesLoaded (0ms)
			ExecutionOrderSort2 (0ms)
			AwakeInstancesAfterBackupRestoration (3ms)
Platform modules already initialized, skipping
Refreshing native plugins compatible for Editor in 1.04 ms, found 2 plugins.
Preloading 0 native plugins for Editor in 0.00 ms.
Unloading 4078 Unused Serialized files (Serialized files now loaded: 0)
Unloading 120 unused Assets / (14.2 MB). Loaded Objects now: 4561.
Memory consumption went from 407.1 MB to 392.9 MB.
Total: 5.932042 ms (FindLiveObjects: 0.157334 ms CreateObjectMapping: 0.061500 ms MarkObjects: 2.204167 ms  DeleteObjects: 3.508292 ms)

AssetImportParameters requested are different than current active one (requested -> active):
  custom:video-decoder-ogg-theora: a1e56fd34408186e4bbccfd4996cb3dc -> 
  custom:container-muxer-webm: aa71ff27fc2769a1b78a27578f13a17b -> 
  custom:container-demuxer-webm: 4f35f7cbe854078d1ac9338744f61a02 -> 
  custom:video-encoder-webm-vp8: eb34c28f22e8b96e1ab97ce403110664 -> 
  custom:framework-osx-AVFoundation: e770b220cccbd017edd2c1fefb359320 -> 
  custom:audio-encoder-webm-vorbis: bf7c407c2cedff20999df2af8eb42d56 -> 
  custom:container-demuxer-ogg: 62fdf1f143b41e24485cea50d1cbac27 -> 
  custom:video-decoder-webm-vp8: 9c59270c3fd7afecdb556c50c9e8de78 -> 
  custom:audio-decoder-ogg-vorbis: bf7c407c2cedff20999df2af8eb42d56 -> 
========================================================================
Received Prepare
Refreshing native plugins compatible for Editor in 4.47 ms, found 2 plugins.
Preloading 0 native plugins for Editor in 0.00 ms.
Unloading 120 Unused Serialized files (Serialized files now loaded: 0)
Unloading 120 unused Assets / (14.1 MB). Loaded Objects now: 4561.
Memory consumption went from 327.9 MB to 313.8 MB.
Total: 6.402500 ms (FindLiveObjects: 0.158042 ms CreateObjectMapping: 0.056083 ms MarkObjects: 2.222958 ms  DeleteObjects: 3.964917 ms)

AssetImportParameters requested are different than current active one (requested -> active):
  custom:video-decoder-ogg-theora: a1e56fd34408186e4bbccfd4996cb3dc -> 
  custom:container-muxer-webm: aa71ff27fc2769a1b78a27578f13a17b -> 
  custom:container-demuxer-webm: 4f35f7cbe854078d1ac9338744f61a02 -> 
  custom:video-encoder-webm-vp8: eb34c28f22e8b96e1ab97ce403110664 -> 
  custom:framework-osx-AVFoundation: e770b220cccbd017edd2c1fefb359320 -> 
  custom:audio-encoder-webm-vorbis: bf7c407c2cedff20999df2af8eb42d56 -> 
  custom:container-demuxer-ogg: 62fdf1f143b41e24485cea50d1cbac27 -> 
  custom:video-decoder-webm-vp8: 9c59270c3fd7afecdb556c50c9e8de78 -> 
  custom:audio-decoder-ogg-vorbis: bf7c407c2cedff20999df2af8eb42d56 -> 
========================================================================
Received Prepare
Refreshing native plugins compatible for Editor in 1.55 ms, found 2 plugins.
Preloading 0 native plugins for Editor in 0.00 ms.
Unloading 120 Unused Serialized files (Serialized files now loaded: 0)
Unloading 120 unused Assets / (14.1 MB). Loaded Objects now: 4561.
Memory consumption went from 327.9 MB to 313.8 MB.
Total: 6.614375 ms (FindLiveObjects: 0.155417 ms CreateObjectMapping: 0.051708 ms MarkObjects: 2.083875 ms  DeleteObjects: 4.323000 ms)

AssetImportParameters requested are different than current active one (requested -> active):
  custom:video-decoder-ogg-theora: a1e56fd34408186e4bbccfd4996cb3dc -> 
  custom:container-muxer-webm: aa71ff27fc2769a1b78a27578f13a17b -> 
  custom:container-demuxer-webm: 4f35f7cbe854078d1ac9338744f61a02 -> 
  custom:video-encoder-webm-vp8: eb34c28f22e8b96e1ab97ce403110664 -> 
  custom:framework-osx-AVFoundation: e770b220cccbd017edd2c1fefb359320 -> 
  custom:audio-encoder-webm-vorbis: bf7c407c2cedff20999df2af8eb42d56 -> 
  custom:container-demuxer-ogg: 62fdf1f143b41e24485cea50d1cbac27 -> 
  custom:video-decoder-webm-vp8: 9c59270c3fd7afecdb556c50c9e8de78 -> 
  custom:audio-decoder-ogg-vorbis: bf7c407c2cedff20999df2af8eb42d56 -> 
========================================================================
Received Prepare
Registering precompiled user dll's ...
Registered in 0.001458 seconds.
Begin MonoManager ReloadAssembly
Thread 0x17f313000 may have been prematurely finalized
Symbol file data-0x1288e0000 doesn't match image /Users/alex6095/Documents/GitHub/Project-Molu/Project-Molu/Library/ScriptAssemblies/Unity.VisualScripting.Flow.Editor.dll
Symbol file LoadedFromMemory is not a mono symbol file
Symbol file data-0x2b7162000 doesn't match image /Users/alex6095/Documents/GitHub/Project-Molu/Project-Molu/Library/ScriptAssemblies/PlayFabSDKEditor.dll
Symbol file LoadedFromMemory is not a mono symbol file
Symbol file data-0x2b7166200 doesn't match image /Users/alex6095/Documents/GitHub/Project-Molu/Project-Molu/Library/ScriptAssemblies/Unity.VSCode.Editor.dll
Symbol file LoadedFromMemory is not a mono symbol file
Symbol file data-0x128968000 doesn't match image /Users/alex6095/Documents/GitHub/Project-Molu/Project-Molu/Library/ScriptAssemblies/PlayFabEditorExtensions.dll
Symbol file LoadedFromMemory is not a mono symbol file
Symbol file data-0x128558000 doesn't match image /Users/alex6095/Documents/GitHub/Project-Molu/Project-Molu/Library/ScriptAssemblies/Unity.TextMeshPro.Editor.dll
Symbol file LoadedFromMemory is not a mono symbol file
Symbol file data-0x2b7168a00 doesn't match image /Users/alex6095/Documents/GitHub/Project-Molu/Project-Molu/Library/ScriptAssemblies/Unity.Services.Core.Telemetry.dll
Symbol file LoadedFromMemory is not a mono symbol file
Symbol file data-0x128968000 doesn't match image /Users/alex6095/Documents/GitHub/Project-Molu/Project-Molu/Library/ScriptAssemblies/Unity.Performance.Profile-Analyzer.Editor.dll
Symbol file LoadedFromMemory is not a mono symbol file
Symbol file data-0x2b716e600 doesn't match image /Users/alex6095/Documents/GitHub/Project-Molu/Project-Molu/Library/ScriptAssemblies/Unity.TestTools.CodeCoverage.Editor.OpenCover.Model.dll
Symbol file LoadedFromMemory is not a mono symbol file
Symbol file data-0x1285b0000 doesn't match image /Users/alex6095/Documents/GitHub/Project-Molu/Project-Molu/Library/ScriptAssemblies/Unity.VisualStudio.Editor.dll
Symbol file LoadedFromMemory is not a mono symbol file
Symbol file data-0x1285b0000 doesn't match image /Users/alex6095/Documents/GitHub/Project-Molu/Project-Molu/Library/ScriptAssemblies/UnityEngine.TestRunner.dll
Symbol file LoadedFromMemory is not a mono symbol file
Symbol file data-0x1285e8000 doesn't match image /Users/alex6095/Documents/GitHub/Project-Molu/Project-Molu/Library/ScriptAssemblies/Unity.Timeline.dll
Symbol file LoadedFromMemory is not a mono symbol file
Symbol file data-0x128700000 doesn't match image /Users/alex6095/Documents/GitHub/Project-Molu/Project-Molu/Library/ScriptAssemblies/Unity.VisualScripting.Core.Editor.dll
Symbol file LoadedFromMemory is not a mono symbol file
Symbol file data-0x1287b8000 doesn't match image /Users/alex6095/Documents/GitHub/Project-Molu/Project-Molu/Library/ScriptAssemblies/Unity.TextMeshPro.dll
Symbol file LoadedFromMemory is not a mono symbol file
Symbol file data-0x1285b0000 doesn't match image /Users/alex6095/Documents/GitHub/Project-Molu/Project-Molu/Library/ScriptAssemblies/Unity.VisualScripting.State.Editor.dll
Symbol file LoadedFromMemory is not a mono symbol file
Symbol file data-0x128730000 doesn't match image /Users/alex6095/Documents/GitHub/Project-Molu/Project-Molu/Library/ScriptAssemblies/UnityEditor.TestRunner.dll
Symbol file LoadedFromMemory is not a mono symbol file
Symbol file data-0x1287b8000 doesn't match image /Users/alex6095/Documents/GitHub/Project-Molu/Project-Molu/Library/ScriptAssemblies/PlayFab.dll
Symbol file LoadedFromMemory is not a mono symbol file
Symbol file data-0x2b7172800 doesn't match image /Users/alex6095/Documents/GitHub/Project-Molu/Project-Molu/Library/ScriptAssemblies/Unity.VisualScripting.SettingsProvider.Editor.dll
Symbol file LoadedFromMemory is not a mono symbol file
Symbol file data-0x2b717a800 doesn't match image /Users/alex6095/Documents/GitHub/Project-Molu/Project-Molu/Library/ScriptAssemblies/Unity.Services.Core.Networking.dll
Symbol file LoadedFromMemory is not a mono symbol file
Symbol file data-0x2b718f000 doesn't match image /Users/alex6095/Documents/GitHub/Project-Molu/Project-Molu/Library/ScriptAssemblies/Unity.TestTools.CodeCoverage.Editor.OpenCover.Mono.Reflection.dll
Symbol file LoadedFromMemory is not a mono symbol file
Symbol file data-0x128838000 doesn't match image /Users/alex6095/Documents/GitHub/Project-Molu/Project-Molu/Library/ScriptAssemblies/UnityEditor.UI.dll
Symbol file LoadedFromMemory is not a mono symbol file
Symbol file data-0x1285b0000 doesn't match image /Users/alex6095/Documents/GitHub/Project-Molu/Project-Molu/Library/ScriptAssemblies/Unity.Rider.Editor.dll
Symbol file LoadedFromMemory is not a mono symbol file
Symbol file data-0x128200000 doesn't match image /Users/alex6095/Documents/GitHub/Project-Molu/Project-Molu/Library/ScriptAssemblies/Unity.PlasticSCM.Editor.dll
Symbol file LoadedFromMemory is not a mono symbol file
Symbol file data-0x128258000 doesn't match image /Users/alex6095/Documents/GitHub/Project-Molu/Project-Molu/Library/ScriptAssemblies/Unity.Services.Core.Internal.dll
Symbol file LoadedFromMemory is not a mono symbol file
Symbol file data-0x128200000 doesn't match image /Users/alex6095/Documents/GitHub/Project-Molu/Project-Molu/Library/ScriptAssemblies/Unity.VisualScripting.Flow.dll
Symbol file LoadedFromMemory is not a mono symbol file
Symbol file data-0x2b719aa00 doesn't match image /Users/alex6095/Documents/GitHub/Project-Molu/Project-Molu/Library/ScriptAssemblies/Unity.Services.Core.Configuration.dll
Symbol file LoadedFromMemory is not a mono symbol file
Symbol file data-0x2b71a2600 doesn't match image /Users/alex6095/Documents/GitHub/Project-Molu/Project-Molu/Library/ScriptAssemblies/Unity.Services.Core.dll
Symbol file LoadedFromMemory is not a mono symbol file
Symbol file data-0x2b71a6e00 doesn't match image /Users/alex6095/Documents/GitHub/Project-Molu/Project-Molu/Library/ScriptAssemblies/Unity.EditorCoroutines.Editor.dll
Symbol file LoadedFromMemory is not a mono symbol file
Symbol file data-0x128348000 doesn't match image /Users/alex6095/Documents/GitHub/Project-Molu/Project-Molu/Library/ScriptAssemblies/Unity.VisualScripting.Core.dll
Symbol file LoadedFromMemory is not a mono symbol file
Symbol file data-0x128398000 doesn't match image /Users/alex6095/Documents/GitHub/Project-Molu/Project-Molu/Library/ScriptAssemblies/UnityEngine.UI.dll
Symbol file LoadedFromMemory is not a mono symbol file
Symbol file data-0x1283c8000 doesn't match image /Users/alex6095/Documents/GitHub/Project-Molu/Project-Molu/Library/ScriptAssemblies/Unity.Services.Core.Editor.dll
Symbol file LoadedFromMemory is not a mono symbol file
Symbol file data-0x2b71a6400 doesn't match image /Users/alex6095/Documents/GitHub/Project-Molu/Project-Molu/Library/ScriptAssemblies/Unity.Services.Core.Configuration.Editor.dll
Symbol file LoadedFromMemory is not a mono symbol file
Symbol file data-0x2b71ac600 doesn't match image /Users/alex6095/Documents/GitHub/Project-Molu/Project-Molu/Library/ScriptAssemblies/Unity.Services.Core.Analytics.dll
Symbol file LoadedFromMemory is not a mono symbol file
Symbol file data-0x2b71b0600 doesn't match image /Users/alex6095/Documents/GitHub/Project-Molu/Project-Molu/Library/ScriptAssemblies/Unity.Services.Core.Registration.dll
Symbol file LoadedFromMemory is not a mono symbol file
Symbol file data-0x2b71ac600 doesn't match image /Users/alex6095/Documents/GitHub/Project-Molu/Project-Molu/Library/ScriptAssemblies/Unity.VisualScripting.Shared.Editor.dll
Symbol file LoadedFromMemory is not a mono symbol file
Symbol file data-0x2b71b7400 doesn't match image /Users/alex6095/Documents/GitHub/Project-Molu/Project-Molu/Library/ScriptAssemblies/Unity.Services.Core.Environments.dll
Symbol file LoadedFromMemory is not a mono symbol file
Symbol file data-0x2b71bb400 doesn't match image /Users/alex6095/Documents/GitHub/Project-Molu/Project-Molu/Library/ScriptAssemblies/Unity.Settings.Editor.dll
Symbol file LoadedFromMemory is not a mono symbol file
Symbol file data-0x2b71be200 doesn't match image /Users/alex6095/Documents/GitHub/Project-Molu/Project-Molu/Library/ScriptAssemblies/Unity.Services.Core.Scheduler.dll
Symbol file LoadedFromMemory is not a mono symbol file
Symbol file data-0x2b71bbc00 doesn't match image /Users/alex6095/Documents/GitHub/Project-Molu/Project-Molu/Library/ScriptAssemblies/Unity.Services.Core.Environments.Internal.dll
Symbol file LoadedFromMemory is not a mono symbol file
Symbol file data-0x1284a8000 doesn't match image /Users/alex6095/Documents/GitHub/Project-Molu/Project-Molu/Library/ScriptAssemblies/Unity.Timeline.Editor.dll
Symbol file LoadedFromMemory is not a mono symbol file
Symbol file data-0x1289c8000 doesn't match image /Users/alex6095/Documents/GitHub/Project-Molu/Project-Molu/Library/ScriptAssemblies/Unity.CollabProxy.Editor.dll
Symbol file LoadedFromMemory is not a mono symbol file
Symbol file data-0x2b71bc400 doesn't match image /Users/alex6095/Documents/GitHub/Project-Molu/Project-Molu/Library/ScriptAssemblies/Unity.Services.Core.Threading.dll
Symbol file LoadedFromMemory is not a mono symbol file
Symbol file data-0x1289c8000 doesn't match image /Users/alex6095/Documents/GitHub/Project-Molu/Project-Molu/Library/ScriptAssemblies/Unity.TestTools.CodeCoverage.Editor.dll
Symbol file LoadedFromMemory is not a mono symbol file
Symbol file data-0x2b71d1800 doesn't match image /Users/alex6095/Documents/GitHub/Project-Molu/Project-Molu/Library/ScriptAssemblies/Unity.VisualScripting.State.dll
Symbol file LoadedFromMemory is not a mono symbol file
Symbol file data-0x2b71d9800 doesn't match image /Users/alex6095/Documents/GitHub/Project-Molu/Project-Molu/Library/ScriptAssemblies/Unity.Services.Core.Device.dll
Symbol file LoadedFromMemory is not a mono symbol file
Symbol file LoadedFromMemory doesn't match image /Users/alex6095/Documents/GitHub/Project-Molu/Project-Molu/Library/PackageCache/com.unity.visualscripting@1.7.8/Editor/VisualScripting.Core/Dependencies/YamlDotNet/Unity.VisualScripting.YamlDotNet.dll
Symbol file LoadedFromMemory doesn't match image /Users/alex6095/Documents/GitHub/Project-Molu/Project-Molu/Library/PackageCache/com.unity.visualscripting@1.7.8/Editor/VisualScripting.Core/Dependencies/DotNetZip/Unity.VisualScripting.IonicZip.dll
Native extension for iOS target not found
2022-07-20 13:20:24.605 Unity[7791:434400] [XcodeApplications] Failed to read NSDictionary from path ĝjE/Contents/Info.plist
Native extension for Android target not found
Native extension for OSXStandalone target not found
Refreshing native plugins compatible for Editor in 0.46 ms, found 2 plugins.
Preloading 0 native plugins for Editor in 0.00 ms.
Mono: successfully reloaded assembly
- Completed reload, in  0.784 seconds
Domain Reload Profiling:
	ReloadAssembly (787ms)
		BeginReloadAssembly (127ms)
			ExecutionOrderSort (0ms)
			DisableScriptedObjects (11ms)
			BackupInstance (0ms)
			ReleaseScriptingObjects (0ms)
			CreateAndSetChildDomain (39ms)
		EndReloadAssembly (604ms)
			LoadAssemblies (48ms)
			RebuildTransferFunctionScriptingTraits (0ms)
			SetupTypeCache (187ms)
			ReleaseScriptCaches (1ms)
			RebuildScriptCaches (29ms)
			SetupLoadedEditorAssemblies (311ms)
				LogAssemblyErrors (0ms)
				InitializePlatformSupportModulesInManaged (16ms)
				SetLoadedEditorAssemblies (0ms)
				RefreshPlugins (0ms)
				BeforeProcessingInitializeOnLoad (41ms)
				ProcessInitializeOnLoadAttributes (235ms)
				ProcessInitializeOnLoadMethodAttributes (18ms)
				AfterProcessingInitializeOnLoad (1ms)
				EditorAssembliesLoaded (0ms)
			ExecutionOrderSort2 (0ms)
			AwakeInstancesAfterBackupRestoration (3ms)
Platform modules already initialized, skipping
Refreshing native plugins compatible for Editor in 1.88 ms, found 2 plugins.
Preloading 0 native plugins for Editor in 0.00 ms.
Unloading 4079 Unused Serialized files (Serialized files now loaded: 0)
Unloading 120 unused Assets / (14.2 MB). Loaded Objects now: 4567.
Memory consumption went from 407.3 MB to 393.2 MB.
Total: 6.386625 ms (FindLiveObjects: 0.136958 ms CreateObjectMapping: 0.053000 ms MarkObjects: 2.285958 ms  DeleteObjects: 3.910041 ms)

AssetImportParameters requested are different than current active one (requested -> active):
  custom:video-decoder-ogg-theora: a1e56fd34408186e4bbccfd4996cb3dc -> 
  custom:container-muxer-webm: aa71ff27fc2769a1b78a27578f13a17b -> 
  custom:container-demuxer-webm: 4f35f7cbe854078d1ac9338744f61a02 -> 
  custom:video-encoder-webm-vp8: eb34c28f22e8b96e1ab97ce403110664 -> 
  custom:framework-osx-AVFoundation: e770b220cccbd017edd2c1fefb359320 -> 
  custom:audio-encoder-webm-vorbis: bf7c407c2cedff20999df2af8eb42d56 -> 
  custom:container-demuxer-ogg: 62fdf1f143b41e24485cea50d1cbac27 -> 
  custom:video-decoder-webm-vp8: 9c59270c3fd7afecdb556c50c9e8de78 -> 
  custom:audio-decoder-ogg-vorbis: bf7c407c2cedff20999df2af8eb42d56 -> 
========================================================================
Received Prepare
Registering precompiled user dll's ...
Registered in 0.001611 seconds.
Begin MonoManager ReloadAssembly
Thread 0x17f313000 may have been prematurely finalized
Symbol file data-0x2891f8000 doesn't match image /Users/alex6095/Documents/GitHub/Project-Molu/Project-Molu/Library/ScriptAssemblies/Unity.VisualScripting.Flow.Editor.dll
Symbol file LoadedFromMemory is not a mono symbol file
Symbol file data-0x1489dda00 doesn't match image /Users/alex6095/Documents/GitHub/Project-Molu/Project-Molu/Library/ScriptAssemblies/PlayFabSDKEditor.dll
Symbol file LoadedFromMemory is not a mono symbol file
Symbol file data-0x2b680fa00 doesn't match image /Users/alex6095/Documents/GitHub/Project-Molu/Project-Molu/Library/ScriptAssemblies/Unity.VSCode.Editor.dll
Symbol file LoadedFromMemory is not a mono symbol file
Symbol file data-0x289280000 doesn't match image /Users/alex6095/Documents/GitHub/Project-Molu/Project-Molu/Library/ScriptAssemblies/PlayFabEditorExtensions.dll
Symbol file LoadedFromMemory is not a mono symbol file
Symbol file data-0x2892c8000 doesn't match image /Users/alex6095/Documents/GitHub/Project-Molu/Project-Molu/Library/ScriptAssemblies/Unity.TextMeshPro.Editor.dll
Symbol file LoadedFromMemory is not a mono symbol file
Symbol file data-0x148a6c400 doesn't match image /Users/alex6095/Documents/GitHub/Project-Molu/Project-Molu/Library/ScriptAssemblies/Unity.Services.Core.Telemetry.dll
Symbol file LoadedFromMemory is not a mono symbol file
Symbol file data-0x289320000 doesn't match image /Users/alex6095/Documents/GitHub/Project-Molu/Project-Molu/Library/ScriptAssemblies/Unity.Performance.Profile-Analyzer.Editor.dll
Symbol file LoadedFromMemory is not a mono symbol file
Symbol file data-0x148ac2a00 doesn't match image /Users/alex6095/Documents/GitHub/Project-Molu/Project-Molu/Library/ScriptAssemblies/Unity.TestTools.CodeCoverage.Editor.OpenCover.Model.dll
Symbol file LoadedFromMemory is not a mono symbol file
Symbol file data-0x289280000 doesn't match image /Users/alex6095/Documents/GitHub/Project-Molu/Project-Molu/Library/ScriptAssemblies/Unity.VisualStudio.Editor.dll
Symbol file LoadedFromMemory is not a mono symbol file
Symbol file data-0x289280000 doesn't match image /Users/alex6095/Documents/GitHub/Project-Molu/Project-Molu/Library/ScriptAssemblies/UnityEngine.TestRunner.dll
Symbol file LoadedFromMemory is not a mono symbol file
Symbol file data-0x289368000 doesn't match image /Users/alex6095/Documents/GitHub/Project-Molu/Project-Molu/Library/ScriptAssemblies/Unity.Timeline.dll
Symbol file LoadedFromMemory is not a mono symbol file
Symbol file data-0x289480000 doesn't match image /Users/alex6095/Documents/GitHub/Project-Molu/Project-Molu/Library/ScriptAssemblies/Unity.VisualScripting.Core.Editor.dll
Symbol file LoadedFromMemory is not a mono symbol file
Symbol file data-0x289538000 doesn't match image /Users/alex6095/Documents/GitHub/Project-Molu/Project-Molu/Library/ScriptAssemblies/Unity.TextMeshPro.dll
Symbol file LoadedFromMemory is not a mono symbol file
Symbol file data-0x289280000 doesn't match image /Users/alex6095/Documents/GitHub/Project-Molu/Project-Molu/Library/ScriptAssemblies/Unity.VisualScripting.State.Editor.dll
Symbol file LoadedFromMemory is not a mono symbol file
Symbol file data-0x289480000 doesn't match image /Users/alex6095/Documents/GitHub/Project-Molu/Project-Molu/Library/ScriptAssemblies/UnityEditor.TestRunner.dll
Symbol file LoadedFromMemory is not a mono symbol file
Symbol file data-0x289498000 doesn't match image /Users/alex6095/Documents/GitHub/Project-Molu/Project-Molu/Library/ScriptAssemblies/PlayFab.dll
Symbol file LoadedFromMemory is not a mono symbol file
Symbol file data-0x14888c000 doesn't match image /Users/alex6095/Documents/GitHub/Project-Molu/Project-Molu/Library/ScriptAssemblies/Unity.VisualScripting.SettingsProvider.Editor.dll
Symbol file LoadedFromMemory is not a mono symbol file
Symbol file data-0x148a32600 doesn't match image /Users/alex6095/Documents/GitHub/Project-Molu/Project-Molu/Library/ScriptAssemblies/Unity.Services.Core.Networking.dll
Symbol file LoadedFromMemory is not a mono symbol file
Symbol file data-0x148ac2a00 doesn't match image /Users/alex6095/Documents/GitHub/Project-Molu/Project-Molu/Library/ScriptAssemblies/Unity.TestTools.CodeCoverage.Editor.OpenCover.Mono.Reflection.dll
Symbol file LoadedFromMemory is not a mono symbol file
Symbol file data-0x289280000 doesn't match image /Users/alex6095/Documents/GitHub/Project-Molu/Project-Molu/Library/ScriptAssemblies/UnityEditor.UI.dll
Symbol file LoadedFromMemory is not a mono symbol file
Symbol file data-0x2896b0000 doesn't match image /Users/alex6095/Documents/GitHub/Project-Molu/Project-Molu/Library/ScriptAssemblies/Unity.Rider.Editor.dll
Symbol file LoadedFromMemory is not a mono symbol file
Symbol file data-0x289740000 doesn't match image /Users/alex6095/Documents/GitHub/Project-Molu/Project-Molu/Library/ScriptAssemblies/Unity.PlasticSCM.Editor.dll
Symbol file LoadedFromMemory is not a mono symbol file
Symbol file data-0x289798000 doesn't match image /Users/alex6095/Documents/GitHub/Project-Molu/Project-Molu/Library/ScriptAssemblies/Unity.Services.Core.Internal.dll
Symbol file LoadedFromMemory is not a mono symbol file
Symbol file data-0x289740000 doesn't match image /Users/alex6095/Documents/GitHub/Project-Molu/Project-Molu/Library/ScriptAssemblies/Unity.VisualScripting.Flow.dll
Symbol file LoadedFromMemory is not a mono symbol file
Symbol file data-0x148ac2a00 doesn't match image /Users/alex6095/Documents/GitHub/Project-Molu/Project-Molu/Library/ScriptAssemblies/Unity.Services.Core.Configuration.dll
Symbol file LoadedFromMemory is not a mono symbol file
Symbol file data-0x148a63800 doesn't match image /Users/alex6095/Documents/GitHub/Project-Molu/Project-Molu/Library/ScriptAssemblies/Unity.Services.Core.dll
Symbol file LoadedFromMemory is not a mono symbol file
Symbol file data-0x148ac2a00 doesn't match image /Users/alex6095/Documents/GitHub/Project-Molu/Project-Molu/Library/ScriptAssemblies/Unity.EditorCoroutines.Editor.dll
Symbol file LoadedFromMemory is not a mono symbol file
Symbol file data-0x289888000 doesn't match image /Users/alex6095/Documents/GitHub/Project-Molu/Project-Molu/Library/ScriptAssemblies/Unity.VisualScripting.Core.dll
Symbol file LoadedFromMemory is not a mono symbol file
Symbol file data-0x2898d8000 doesn't match image /Users/alex6095/Documents/GitHub/Project-Molu/Project-Molu/Library/ScriptAssemblies/UnityEngine.UI.dll
Symbol file LoadedFromMemory is not a mono symbol file
Symbol file data-0x289908000 doesn't match image /Users/alex6095/Documents/GitHub/Project-Molu/Project-Molu/Library/ScriptAssemblies/Unity.Services.Core.Editor.dll
Symbol file LoadedFromMemory is not a mono symbol file
Symbol file data-0x148a63800 doesn't match image /Users/alex6095/Documents/GitHub/Project-Molu/Project-Molu/Library/ScriptAssemblies/Unity.Services.Core.Configuration.Editor.dll
Symbol file LoadedFromMemory is not a mono symbol file
Symbol file data-0x148aae800 doesn't match image /Users/alex6095/Documents/GitHub/Project-Molu/Project-Molu/Library/ScriptAssemblies/Unity.Services.Core.Analytics.dll
Symbol file LoadedFromMemory is not a mono symbol file
Symbol file data-0x148a5b800 doesn't match image /Users/alex6095/Documents/GitHub/Project-Molu/Project-Molu/Library/ScriptAssemblies/Unity.Services.Core.Registration.dll
Symbol file LoadedFromMemory is not a mono symbol file
Symbol file data-0x148a5b800 doesn't match image /Users/alex6095/Documents/GitHub/Project-Molu/Project-Molu/Library/ScriptAssemblies/Unity.VisualScripting.Shared.Editor.dll
Symbol file LoadedFromMemory is not a mono symbol file
Symbol file data-0x148aae800 doesn't match image /Users/alex6095/Documents/GitHub/Project-Molu/Project-Molu/Library/ScriptAssemblies/Unity.Services.Core.Environments.dll
Symbol file LoadedFromMemory is not a mono symbol file
Symbol file data-0x148f53200 doesn't match image /Users/alex6095/Documents/GitHub/Project-Molu/Project-Molu/Library/ScriptAssemblies/Unity.Settings.Editor.dll
Symbol file LoadedFromMemory is not a mono symbol file
Symbol file data-0x148a63800 doesn't match image /Users/alex6095/Documents/GitHub/Project-Molu/Project-Molu/Library/ScriptAssemblies/Unity.Services.Core.Scheduler.dll
Symbol file LoadedFromMemory is not a mono symbol file
Symbol file data-0x148aae800 doesn't match image /Users/alex6095/Documents/GitHub/Project-Molu/Project-Molu/Library/ScriptAssemblies/Unity.Services.Core.Environments.Internal.dll
Symbol file LoadedFromMemory is not a mono symbol file
Symbol file data-0x2899e8000 doesn't match image /Users/alex6095/Documents/GitHub/Project-Molu/Project-Molu/Library/ScriptAssemblies/Unity.Timeline.Editor.dll
Symbol file LoadedFromMemory is not a mono symbol file
Symbol file data-0x289a80000 doesn't match image /Users/alex6095/Documents/GitHub/Project-Molu/Project-Molu/Library/ScriptAssemblies/Unity.CollabProxy.Editor.dll
Symbol file LoadedFromMemory is not a mono symbol file
Symbol file data-0x148a63800 doesn't match image /Users/alex6095/Documents/GitHub/Project-Molu/Project-Molu/Library/ScriptAssemblies/Unity.Services.Core.Threading.dll
Symbol file LoadedFromMemory is not a mono symbol file
Symbol file data-0x289a80000 doesn't match image /Users/alex6095/Documents/GitHub/Project-Molu/Project-Molu/Library/ScriptAssemblies/Unity.TestTools.CodeCoverage.Editor.dll
Symbol file LoadedFromMemory is not a mono symbol file
Symbol file data-0x2b680fa00 doesn't match image /Users/alex6095/Documents/GitHub/Project-Molu/Project-Molu/Library/ScriptAssemblies/Unity.VisualScripting.State.dll
Symbol file LoadedFromMemory is not a mono symbol file
Symbol file data-0x148a6c400 doesn't match image /Users/alex6095/Documents/GitHub/Project-Molu/Project-Molu/Library/ScriptAssemblies/Unity.Services.Core.Device.dll
Symbol file LoadedFromMemory is not a mono symbol file
Symbol file LoadedFromMemory doesn't match image /Users/alex6095/Documents/GitHub/Project-Molu/Project-Molu/Library/PackageCache/com.unity.visualscripting@1.7.8/Editor/VisualScripting.Core/Dependencies/YamlDotNet/Unity.VisualScripting.YamlDotNet.dll
Symbol file LoadedFromMemory doesn't match image /Users/alex6095/Documents/GitHub/Project-Molu/Project-Molu/Library/PackageCache/com.unity.visualscripting@1.7.8/Editor/VisualScripting.Core/Dependencies/DotNetZip/Unity.VisualScripting.IonicZip.dll
Native extension for iOS target not found
2022-07-20 13:21:00.279 Unity[7791:434400] [XcodeApplications] Failed to read NSDictionary from path ĝjE/Contents/Info.plist
Native extension for Android target not found
Native extension for OSXStandalone target not found
Refreshing native plugins compatible for Editor in 0.88 ms, found 2 plugins.
Preloading 0 native plugins for Editor in 0.00 ms.
Mono: successfully reloaded assembly
- Completed reload, in  0.796 seconds
Domain Reload Profiling:
	ReloadAssembly (796ms)
		BeginReloadAssembly (77ms)
			ExecutionOrderSort (0ms)
			DisableScriptedObjects (4ms)
			BackupInstance (0ms)
			ReleaseScriptingObjects (0ms)
			CreateAndSetChildDomain (27ms)
		EndReloadAssembly (662ms)
			LoadAssemblies (39ms)
			RebuildTransferFunctionScriptingTraits (0ms)
			SetupTypeCache (201ms)
			ReleaseScriptCaches (1ms)
			RebuildScriptCaches (36ms)
			SetupLoadedEditorAssemblies (349ms)
				LogAssemblyErrors (0ms)
				InitializePlatformSupportModulesInManaged (20ms)
				SetLoadedEditorAssemblies (0ms)
				RefreshPlugins (1ms)
				BeforeProcessingInitializeOnLoad (45ms)
				ProcessInitializeOnLoadAttributes (263ms)
				ProcessInitializeOnLoadMethodAttributes (19ms)
				AfterProcessingInitializeOnLoad (1ms)
				EditorAssembliesLoaded (0ms)
			ExecutionOrderSort2 (0ms)
			AwakeInstancesAfterBackupRestoration (3ms)
Platform modules already initialized, skipping
Refreshing native plugins compatible for Editor in 1.35 ms, found 2 plugins.
Preloading 0 native plugins for Editor in 0.00 ms.
Unloading 4079 Unused Serialized files (Serialized files now loaded: 0)
Unloading 120 unused Assets / (14.2 MB). Loaded Objects now: 4572.
Memory consumption went from 407.6 MB to 393.4 MB.
Total: 7.028792 ms (FindLiveObjects: 0.169667 ms CreateObjectMapping: 0.056584 ms MarkObjects: 2.433500 ms  DeleteObjects: 4.368208 ms)

AssetImportParameters requested are different than current active one (requested -> active):
  custom:video-decoder-ogg-theora: a1e56fd34408186e4bbccfd4996cb3dc -> 
  custom:container-muxer-webm: aa71ff27fc2769a1b78a27578f13a17b -> 
  custom:container-demuxer-webm: 4f35f7cbe854078d1ac9338744f61a02 -> 
  custom:video-encoder-webm-vp8: eb34c28f22e8b96e1ab97ce403110664 -> 
  custom:framework-osx-AVFoundation: e770b220cccbd017edd2c1fefb359320 -> 
  custom:audio-encoder-webm-vorbis: bf7c407c2cedff20999df2af8eb42d56 -> 
  custom:container-demuxer-ogg: 62fdf1f143b41e24485cea50d1cbac27 -> 
  custom:video-decoder-webm-vp8: 9c59270c3fd7afecdb556c50c9e8de78 -> 
  custom:audio-decoder-ogg-vorbis: bf7c407c2cedff20999df2af8eb42d56 -> 
========================================================================
Received Prepare
Registering precompiled user dll's ...
Registered in 0.001619 seconds.
Begin MonoManager ReloadAssembly
Thread 0x17f313000 may have been prematurely finalized
Symbol file data-0x118838000 doesn't match image /Users/alex6095/Documents/GitHub/Project-Molu/Project-Molu/Library/ScriptAssemblies/Unity.VisualScripting.Flow.Editor.dll
Symbol file LoadedFromMemory is not a mono symbol file
Symbol file data-0x147654200 doesn't match image /Users/alex6095/Documents/GitHub/Project-Molu/Project-Molu/Library/ScriptAssemblies/PlayFabSDKEditor.dll
Symbol file LoadedFromMemory is not a mono symbol file
Symbol file data-0x147315e00 doesn't match image /Users/alex6095/Documents/GitHub/Project-Molu/Project-Molu/Library/ScriptAssemblies/Unity.VSCode.Editor.dll
Symbol file LoadedFromMemory is not a mono symbol file
Symbol file data-0x1188c0000 doesn't match image /Users/alex6095/Documents/GitHub/Project-Molu/Project-Molu/Library/ScriptAssemblies/PlayFabEditorExtensions.dll
Symbol file LoadedFromMemory is not a mono symbol file
Symbol file data-0x118908000 doesn't match image /Users/alex6095/Documents/GitHub/Project-Molu/Project-Molu/Library/ScriptAssemblies/Unity.TextMeshPro.Editor.dll
Symbol file LoadedFromMemory is not a mono symbol file
Symbol file data-0x147381c00 doesn't match image /Users/alex6095/Documents/GitHub/Project-Molu/Project-Molu/Library/ScriptAssemblies/Unity.Services.Core.Telemetry.dll
Symbol file LoadedFromMemory is not a mono symbol file
Symbol file data-0x118960000 doesn't match image /Users/alex6095/Documents/GitHub/Project-Molu/Project-Molu/Library/ScriptAssemblies/Unity.Performance.Profile-Analyzer.Editor.dll
Symbol file LoadedFromMemory is not a mono symbol file
Symbol file data-0x147420e00 doesn't match image /Users/alex6095/Documents/GitHub/Project-Molu/Project-Molu/Library/ScriptAssemblies/Unity.TestTools.CodeCoverage.Editor.OpenCover.Model.dll
Symbol file LoadedFromMemory is not a mono symbol file
Symbol file data-0x1188c0000 doesn't match image /Users/alex6095/Documents/GitHub/Project-Molu/Project-Molu/Library/ScriptAssemblies/Unity.VisualStudio.Editor.dll
Symbol file LoadedFromMemory is not a mono symbol file
Symbol file data-0x1188c0000 doesn't match image /Users/alex6095/Documents/GitHub/Project-Molu/Project-Molu/Library/ScriptAssemblies/UnityEngine.TestRunner.dll
Symbol file LoadedFromMemory is not a mono symbol file
Symbol file data-0x1189a8000 doesn't match image /Users/alex6095/Documents/GitHub/Project-Molu/Project-Molu/Library/ScriptAssemblies/Unity.Timeline.dll
Symbol file LoadedFromMemory is not a mono symbol file
Symbol file data-0x118ac0000 doesn't match image /Users/alex6095/Documents/GitHub/Project-Molu/Project-Molu/Library/ScriptAssemblies/Unity.VisualScripting.Core.Editor.dll
Symbol file LoadedFromMemory is not a mono symbol file
Symbol file data-0x118b78000 doesn't match image /Users/alex6095/Documents/GitHub/Project-Molu/Project-Molu/Library/ScriptAssemblies/Unity.TextMeshPro.dll
Symbol file LoadedFromMemory is not a mono symbol file
Symbol file data-0x1188c0000 doesn't match image /Users/alex6095/Documents/GitHub/Project-Molu/Project-Molu/Library/ScriptAssemblies/Unity.VisualScripting.State.Editor.dll
Symbol file LoadedFromMemory is not a mono symbol file
Symbol file data-0x118af0000 doesn't match image /Users/alex6095/Documents/GitHub/Project-Molu/Project-Molu/Library/ScriptAssemblies/UnityEditor.TestRunner.dll
Symbol file LoadedFromMemory is not a mono symbol file
Symbol file data-0x118c38000 doesn't match image /Users/alex6095/Documents/GitHub/Project-Molu/Project-Molu/Library/ScriptAssemblies/PlayFab.dll
Symbol file LoadedFromMemory is not a mono symbol file
Symbol file data-0x14744ec00 doesn't match image /Users/alex6095/Documents/GitHub/Project-Molu/Project-Molu/Library/ScriptAssemblies/Unity.VisualScripting.SettingsProvider.Editor.dll
Symbol file LoadedFromMemory is not a mono symbol file
Symbol file data-0x147420e00 doesn't match image /Users/alex6095/Documents/GitHub/Project-Molu/Project-Molu/Library/ScriptAssemblies/Unity.Services.Core.Networking.dll
Symbol file LoadedFromMemory is not a mono symbol file
Symbol file data-0x1475b1800 doesn't match image /Users/alex6095/Documents/GitHub/Project-Molu/Project-Molu/Library/ScriptAssemblies/Unity.TestTools.CodeCoverage.Editor.OpenCover.Mono.Reflection.dll
Symbol file LoadedFromMemory is not a mono symbol file
Symbol file data-0x1188c0000 doesn't match image /Users/alex6095/Documents/GitHub/Project-Molu/Project-Molu/Library/ScriptAssemblies/UnityEditor.UI.dll
Symbol file LoadedFromMemory is not a mono symbol file
Symbol file data-0x118cf0000 doesn't match image /Users/alex6095/Documents/GitHub/Project-Molu/Project-Molu/Library/ScriptAssemblies/Unity.Rider.Editor.dll
Symbol file LoadedFromMemory is not a mono symbol file
Symbol file data-0x118d80000 doesn't match image /Users/alex6095/Documents/GitHub/Project-Molu/Project-Molu/Library/ScriptAssemblies/Unity.PlasticSCM.Editor.dll
Symbol file LoadedFromMemory is not a mono symbol file
Symbol file data-0x118dd8000 doesn't match image /Users/alex6095/Documents/GitHub/Project-Molu/Project-Molu/Library/ScriptAssemblies/Unity.Services.Core.Internal.dll
Symbol file LoadedFromMemory is not a mono symbol file
Symbol file data-0x118d80000 doesn't match image /Users/alex6095/Documents/GitHub/Project-Molu/Project-Molu/Library/ScriptAssemblies/Unity.VisualScripting.Flow.dll
Symbol file LoadedFromMemory is not a mono symbol file
Symbol file data-0x147381c00 doesn't match image /Users/alex6095/Documents/GitHub/Project-Molu/Project-Molu/Library/ScriptAssemblies/Unity.Services.Core.Configuration.dll
Symbol file LoadedFromMemory is not a mono symbol file
Symbol file data-0x147362800 doesn't match image /Users/alex6095/Documents/GitHub/Project-Molu/Project-Molu/Library/ScriptAssemblies/Unity.Services.Core.dll
Symbol file LoadedFromMemory is not a mono symbol file
Symbol file data-0x147362800 doesn't match image /Users/alex6095/Documents/GitHub/Project-Molu/Project-Molu/Library/ScriptAssemblies/Unity.EditorCoroutines.Editor.dll
Symbol file LoadedFromMemory is not a mono symbol file
Symbol file data-0x118ec8000 doesn't match image /Users/alex6095/Documents/GitHub/Project-Molu/Project-Molu/Library/ScriptAssemblies/Unity.VisualScripting.Core.dll
Symbol file LoadedFromMemory is not a mono symbol file
Symbol file data-0x118f18000 doesn't match image /Users/alex6095/Documents/GitHub/Project-Molu/Project-Molu/Library/ScriptAssemblies/UnityEngine.UI.dll
Symbol file LoadedFromMemory is not a mono symbol file
Symbol file data-0x118f48000 doesn't match image /Users/alex6095/Documents/GitHub/Project-Molu/Project-Molu/Library/ScriptAssemblies/Unity.Services.Core.Editor.dll
Symbol file LoadedFromMemory is not a mono symbol file
Symbol file data-0x147362800 doesn't match image /Users/alex6095/Documents/GitHub/Project-Molu/Project-Molu/Library/ScriptAssemblies/Unity.Services.Core.Configuration.Editor.dll
Symbol file LoadedFromMemory is not a mono symbol file
Symbol file data-0x14737bc00 doesn't match image /Users/alex6095/Documents/GitHub/Project-Molu/Project-Molu/Library/ScriptAssemblies/Unity.Services.Core.Analytics.dll
Symbol file LoadedFromMemory is not a mono symbol file
Symbol file data-0x1471abe00 doesn't match image /Users/alex6095/Documents/GitHub/Project-Molu/Project-Molu/Library/ScriptAssemblies/Unity.Services.Core.Registration.dll
Symbol file LoadedFromMemory is not a mono symbol file
Symbol file data-0x1471abe00 doesn't match image /Users/alex6095/Documents/GitHub/Project-Molu/Project-Molu/Library/ScriptAssemblies/Unity.VisualScripting.Shared.Editor.dll
Symbol file LoadedFromMemory is not a mono symbol file
Symbol file data-0x14737bc00 doesn't match image /Users/alex6095/Documents/GitHub/Project-Molu/Project-Molu/Library/ScriptAssemblies/Unity.Services.Core.Environments.dll
Symbol file LoadedFromMemory is not a mono symbol file
Symbol file data-0x1475d1c00 doesn't match image /Users/alex6095/Documents/GitHub/Project-Molu/Project-Molu/Library/ScriptAssemblies/Unity.Settings.Editor.dll
Symbol file LoadedFromMemory is not a mono symbol file
Symbol file data-0x147362800 doesn't match image /Users/alex6095/Documents/GitHub/Project-Molu/Project-Molu/Library/ScriptAssemblies/Unity.Services.Core.Scheduler.dll
Symbol file LoadedFromMemory is not a mono symbol file
Symbol file data-0x14737bc00 doesn't match image /Users/alex6095/Documents/GitHub/Project-Molu/Project-Molu/Library/ScriptAssemblies/Unity.Services.Core.Environments.Internal.dll
Symbol file LoadedFromMemory is not a mono symbol file
Symbol file data-0x119028000 doesn't match image /Users/alex6095/Documents/GitHub/Project-Molu/Project-Molu/Library/ScriptAssemblies/Unity.Timeline.Editor.dll
Symbol file LoadedFromMemory is not a mono symbol file
Symbol file data-0x1190c0000 doesn't match image /Users/alex6095/Documents/GitHub/Project-Molu/Project-Molu/Library/ScriptAssemblies/Unity.CollabProxy.Editor.dll
Symbol file LoadedFromMemory is not a mono symbol file
Symbol file data-0x147654200 doesn't match image /Users/alex6095/Documents/GitHub/Project-Molu/Project-Molu/Library/ScriptAssemblies/Unity.Services.Core.Threading.dll
Symbol file LoadedFromMemory is not a mono symbol file
Symbol file data-0x1190c0000 doesn't match image /Users/alex6095/Documents/GitHub/Project-Molu/Project-Molu/Library/ScriptAssemblies/Unity.TestTools.CodeCoverage.Editor.dll
Symbol file LoadedFromMemory is not a mono symbol file
Symbol file data-0x1472fe800 doesn't match image /Users/alex6095/Documents/GitHub/Project-Molu/Project-Molu/Library/ScriptAssemblies/Unity.VisualScripting.State.dll
Symbol file LoadedFromMemory is not a mono symbol file
Symbol file data-0x147381c00 doesn't match image /Users/alex6095/Documents/GitHub/Project-Molu/Project-Molu/Library/ScriptAssemblies/Unity.Services.Core.Device.dll
Symbol file LoadedFromMemory is not a mono symbol file
Symbol file LoadedFromMemory doesn't match image /Users/alex6095/Documents/GitHub/Project-Molu/Project-Molu/Library/PackageCache/com.unity.visualscripting@1.7.8/Editor/VisualScripting.Core/Dependencies/YamlDotNet/Unity.VisualScripting.YamlDotNet.dll
Symbol file LoadedFromMemory doesn't match image /Users/alex6095/Documents/GitHub/Project-Molu/Project-Molu/Library/PackageCache/com.unity.visualscripting@1.7.8/Editor/VisualScripting.Core/Dependencies/DotNetZip/Unity.VisualScripting.IonicZip.dll
Native extension for iOS target not found
2022-07-20 13:22:34.342 Unity[7791:434400] [XcodeApplications] Failed to read NSDictionary from path ĝjE/Contents/Info.plist
Native extension for Android target not found
Native extension for OSXStandalone target not found
Refreshing native plugins compatible for Editor in 0.81 ms, found 2 plugins.
Preloading 0 native plugins for Editor in 0.00 ms.
Mono: successfully reloaded assembly
- Completed reload, in  0.803 seconds
Domain Reload Profiling:
	ReloadAssembly (804ms)
		BeginReloadAssembly (86ms)
			ExecutionOrderSort (0ms)
			DisableScriptedObjects (4ms)
			BackupInstance (0ms)
			ReleaseScriptingObjects (0ms)
			CreateAndSetChildDomain (33ms)
		EndReloadAssembly (655ms)
			LoadAssemblies (38ms)
			RebuildTransferFunctionScriptingTraits (0ms)
			SetupTypeCache (209ms)
			ReleaseScriptCaches (1ms)
			RebuildScriptCaches (35ms)
			SetupLoadedEditorAssemblies (336ms)
				LogAssemblyErrors (0ms)
				InitializePlatformSupportModulesInManaged (19ms)
				SetLoadedEditorAssemblies (0ms)
				RefreshPlugins (1ms)
				BeforeProcessingInitializeOnLoad (44ms)
				ProcessInitializeOnLoadAttributes (252ms)
				ProcessInitializeOnLoadMethodAttributes (19ms)
				AfterProcessingInitializeOnLoad (1ms)
				EditorAssembliesLoaded (0ms)
			ExecutionOrderSort2 (0ms)
			AwakeInstancesAfterBackupRestoration (3ms)
Platform modules already initialized, skipping
Refreshing native plugins compatible for Editor in 1.43 ms, found 2 plugins.
Preloading 0 native plugins for Editor in 0.00 ms.
Unloading 4079 Unused Serialized files (Serialized files now loaded: 0)
Unloading 120 unused Assets / (14.1 MB). Loaded Objects now: 4577.
Memory consumption went from 407.8 MB to 393.7 MB.
Total: 8.141458 ms (FindLiveObjects: 0.195875 ms CreateObjectMapping: 0.059833 ms MarkObjects: 2.617542 ms  DeleteObjects: 5.266875 ms)

AssetImportParameters requested are different than current active one (requested -> active):
  custom:video-decoder-ogg-theora: a1e56fd34408186e4bbccfd4996cb3dc -> 
  custom:container-muxer-webm: aa71ff27fc2769a1b78a27578f13a17b -> 
  custom:container-demuxer-webm: 4f35f7cbe854078d1ac9338744f61a02 -> 
  custom:video-encoder-webm-vp8: eb34c28f22e8b96e1ab97ce403110664 -> 
  custom:framework-osx-AVFoundation: e770b220cccbd017edd2c1fefb359320 -> 
  custom:audio-encoder-webm-vorbis: bf7c407c2cedff20999df2af8eb42d56 -> 
  custom:container-demuxer-ogg: 62fdf1f143b41e24485cea50d1cbac27 -> 
  custom:video-decoder-webm-vp8: 9c59270c3fd7afecdb556c50c9e8de78 -> 
  custom:audio-decoder-ogg-vorbis: bf7c407c2cedff20999df2af8eb42d56 -> 
========================================================================
Received Prepare
Registering precompiled user dll's ...
Registered in 0.001644 seconds.
Begin MonoManager ReloadAssembly
Thread 0x17e507000 may have been prematurely finalized
Symbol file data-0x1291e0000 doesn't match image /Users/alex6095/Documents/GitHub/Project-Molu/Project-Molu/Library/ScriptAssemblies/Unity.VisualScripting.Flow.Editor.dll
Symbol file LoadedFromMemory is not a mono symbol file
Symbol file data-0x149713a00 doesn't match image /Users/alex6095/Documents/GitHub/Project-Molu/Project-Molu/Library/ScriptAssemblies/PlayFabSDKEditor.dll
Symbol file LoadedFromMemory is not a mono symbol file
Symbol file data-0x149717c00 doesn't match image /Users/alex6095/Documents/GitHub/Project-Molu/Project-Molu/Library/ScriptAssemblies/Unity.VSCode.Editor.dll
Symbol file LoadedFromMemory is not a mono symbol file
Symbol file data-0x129268000 doesn't match image /Users/alex6095/Documents/GitHub/Project-Molu/Project-Molu/Library/ScriptAssemblies/PlayFabEditorExtensions.dll
Symbol file LoadedFromMemory is not a mono symbol file
Symbol file data-0x1292b0000 doesn't match image /Users/alex6095/Documents/GitHub/Project-Molu/Project-Molu/Library/ScriptAssemblies/Unity.TextMeshPro.Editor.dll
Symbol file LoadedFromMemory is not a mono symbol file
Symbol file data-0x14971a400 doesn't match image /Users/alex6095/Documents/GitHub/Project-Molu/Project-Molu/Library/ScriptAssemblies/Unity.Services.Core.Telemetry.dll
Symbol file LoadedFromMemory is not a mono symbol file
Symbol file data-0x129308000 doesn't match image /Users/alex6095/Documents/GitHub/Project-Molu/Project-Molu/Library/ScriptAssemblies/Unity.Performance.Profile-Analyzer.Editor.dll
Symbol file LoadedFromMemory is not a mono symbol file
Symbol file data-0x149720000 doesn't match image /Users/alex6095/Documents/GitHub/Project-Molu/Project-Molu/Library/ScriptAssemblies/Unity.TestTools.CodeCoverage.Editor.OpenCover.Model.dll
Symbol file LoadedFromMemory is not a mono symbol file
Symbol file data-0x129268000 doesn't match image /Users/alex6095/Documents/GitHub/Project-Molu/Project-Molu/Library/ScriptAssemblies/Unity.VisualStudio.Editor.dll
Symbol file LoadedFromMemory is not a mono symbol file
Symbol file data-0x129268000 doesn't match image /Users/alex6095/Documents/GitHub/Project-Molu/Project-Molu/Library/ScriptAssemblies/UnityEngine.TestRunner.dll
Symbol file LoadedFromMemory is not a mono symbol file
Symbol file data-0x129350000 doesn't match image /Users/alex6095/Documents/GitHub/Project-Molu/Project-Molu/Library/ScriptAssemblies/Unity.Timeline.dll
Symbol file LoadedFromMemory is not a mono symbol file
Symbol file data-0x129368000 doesn't match image /Users/alex6095/Documents/GitHub/Project-Molu/Project-Molu/Library/ScriptAssemblies/Unity.VisualScripting.Core.Editor.dll
Symbol file LoadedFromMemory is not a mono symbol file
Symbol file data-0x1293c0000 doesn't match image /Users/alex6095/Documents/GitHub/Project-Molu/Project-Molu/Library/ScriptAssemblies/Unity.TextMeshPro.dll
Symbol file LoadedFromMemory is not a mono symbol file
Symbol file data-0x129268000 doesn't match image /Users/alex6095/Documents/GitHub/Project-Molu/Project-Molu/Library/ScriptAssemblies/Unity.VisualScripting.State.Editor.dll
Symbol file LoadedFromMemory is not a mono symbol file
Symbol file data-0x129380000 doesn't match image /Users/alex6095/Documents/GitHub/Project-Molu/Project-Molu/Library/ScriptAssemblies/UnityEditor.TestRunner.dll
Symbol file LoadedFromMemory is not a mono symbol file
Symbol file data-0x129398000 doesn't match image /Users/alex6095/Documents/GitHub/Project-Molu/Project-Molu/Library/ScriptAssemblies/PlayFab.dll
Symbol file LoadedFromMemory is not a mono symbol file
Symbol file data-0x149723200 doesn't match image /Users/alex6095/Documents/GitHub/Project-Molu/Project-Molu/Library/ScriptAssemblies/Unity.VisualScripting.SettingsProvider.Editor.dll
Symbol file LoadedFromMemory is not a mono symbol file
Symbol file data-0x149727e00 doesn't match image /Users/alex6095/Documents/GitHub/Project-Molu/Project-Molu/Library/ScriptAssemblies/Unity.Services.Core.Networking.dll
Symbol file LoadedFromMemory is not a mono symbol file
Symbol file data-0x149737200 doesn't match image /Users/alex6095/Documents/GitHub/Project-Molu/Project-Molu/Library/ScriptAssemblies/Unity.TestTools.CodeCoverage.Editor.OpenCover.Mono.Reflection.dll
Symbol file LoadedFromMemory is not a mono symbol file
Symbol file data-0x129268000 doesn't match image /Users/alex6095/Documents/GitHub/Project-Molu/Project-Molu/Library/ScriptAssemblies/UnityEditor.UI.dll
Symbol file LoadedFromMemory is not a mono symbol file
Symbol file data-0x1296a0000 doesn't match image /Users/alex6095/Documents/GitHub/Project-Molu/Project-Molu/Library/ScriptAssemblies/Unity.Rider.Editor.dll
Symbol file LoadedFromMemory is not a mono symbol file
Symbol file data-0x129730000 doesn't match image /Users/alex6095/Documents/GitHub/Project-Molu/Project-Molu/Library/ScriptAssemblies/Unity.PlasticSCM.Editor.dll
Symbol file LoadedFromMemory is not a mono symbol file
Symbol file data-0x129788000 doesn't match image /Users/alex6095/Documents/GitHub/Project-Molu/Project-Molu/Library/ScriptAssemblies/Unity.Services.Core.Internal.dll
Symbol file LoadedFromMemory is not a mono symbol file
Symbol file data-0x129730000 doesn't match image /Users/alex6095/Documents/GitHub/Project-Molu/Project-Molu/Library/ScriptAssemblies/Unity.VisualScripting.Flow.dll
Symbol file LoadedFromMemory is not a mono symbol file
Symbol file data-0x14973b800 doesn't match image /Users/alex6095/Documents/GitHub/Project-Molu/Project-Molu/Library/ScriptAssemblies/Unity.Services.Core.Configuration.dll
Symbol file LoadedFromMemory is not a mono symbol file
Symbol file data-0x149743400 doesn't match image /Users/alex6095/Documents/GitHub/Project-Molu/Project-Molu/Library/ScriptAssemblies/Unity.Services.Core.dll
Symbol file LoadedFromMemory is not a mono symbol file
Symbol file data-0x149747c00 doesn't match image /Users/alex6095/Documents/GitHub/Project-Molu/Project-Molu/Library/ScriptAssemblies/Unity.EditorCoroutines.Editor.dll
Symbol file LoadedFromMemory is not a mono symbol file
Symbol file data-0x129878000 doesn't match image /Users/alex6095/Documents/GitHub/Project-Molu/Project-Molu/Library/ScriptAssemblies/Unity.VisualScripting.Core.dll
Symbol file LoadedFromMemory is not a mono symbol file
Symbol file data-0x1298c8000 doesn't match image /Users/alex6095/Documents/GitHub/Project-Molu/Project-Molu/Library/ScriptAssemblies/UnityEngine.UI.dll
Symbol file LoadedFromMemory is not a mono symbol file
Symbol file data-0x1298f8000 doesn't match image /Users/alex6095/Documents/GitHub/Project-Molu/Project-Molu/Library/ScriptAssemblies/Unity.Services.Core.Editor.dll
Symbol file LoadedFromMemory is not a mono symbol file
Symbol file data-0x149747200 doesn't match image /Users/alex6095/Documents/GitHub/Project-Molu/Project-Molu/Library/ScriptAssemblies/Unity.Services.Core.Configuration.Editor.dll
Symbol file LoadedFromMemory is not a mono symbol file
Symbol file data-0x14974d400 doesn't match image /Users/alex6095/Documents/GitHub/Project-Molu/Project-Molu/Library/ScriptAssemblies/Unity.Services.Core.Analytics.dll
Symbol file LoadedFromMemory is not a mono symbol file
Symbol file data-0x149751400 doesn't match image /Users/alex6095/Documents/GitHub/Project-Molu/Project-Molu/Library/ScriptAssemblies/Unity.Services.Core.Registration.dll
Symbol file LoadedFromMemory is not a mono symbol file
Symbol file data-0x149756800 doesn't match image /Users/alex6095/Documents/GitHub/Project-Molu/Project-Molu/Library/ScriptAssemblies/Unity.VisualScripting.Shared.Editor.dll
Symbol file LoadedFromMemory is not a mono symbol file
Symbol file data-0x14975d800 doesn't match image /Users/alex6095/Documents/GitHub/Project-Molu/Project-Molu/Library/ScriptAssemblies/Unity.Services.Core.Environments.dll
Symbol file LoadedFromMemory is not a mono symbol file
Symbol file data-0x14975d800 doesn't match image /Users/alex6095/Documents/GitHub/Project-Molu/Project-Molu/Library/ScriptAssemblies/Unity.Settings.Editor.dll
Symbol file LoadedFromMemory is not a mono symbol file
Symbol file data-0x149764600 doesn't match image /Users/alex6095/Documents/GitHub/Project-Molu/Project-Molu/Library/ScriptAssemblies/Unity.Services.Core.Scheduler.dll
Symbol file LoadedFromMemory is not a mono symbol file
Symbol file data-0x149762000 doesn't match image /Users/alex6095/Documents/GitHub/Project-Molu/Project-Molu/Library/ScriptAssemblies/Unity.Services.Core.Environments.Internal.dll
Symbol file LoadedFromMemory is not a mono symbol file
Symbol file data-0x1299d8000 doesn't match image /Users/alex6095/Documents/GitHub/Project-Molu/Project-Molu/Library/ScriptAssemblies/Unity.Timeline.Editor.dll
Symbol file LoadedFromMemory is not a mono symbol file
Symbol file data-0x129a70000 doesn't match image /Users/alex6095/Documents/GitHub/Project-Molu/Project-Molu/Library/ScriptAssemblies/Unity.CollabProxy.Editor.dll
Symbol file LoadedFromMemory is not a mono symbol file
Symbol file data-0x14975f000 doesn't match image /Users/alex6095/Documents/GitHub/Project-Molu/Project-Molu/Library/ScriptAssemblies/Unity.Services.Core.Threading.dll
Symbol file LoadedFromMemory is not a mono symbol file
Symbol file data-0x129a70000 doesn't match image /Users/alex6095/Documents/GitHub/Project-Molu/Project-Molu/Library/ScriptAssemblies/Unity.TestTools.CodeCoverage.Editor.dll
Symbol file LoadedFromMemory is not a mono symbol file
Symbol file data-0x149774c00 doesn't match image /Users/alex6095/Documents/GitHub/Project-Molu/Project-Molu/Library/ScriptAssemblies/Unity.VisualScripting.State.dll
Symbol file LoadedFromMemory is not a mono symbol file
Symbol file data-0x149691e00 doesn't match image /Users/alex6095/Documents/GitHub/Project-Molu/Project-Molu/Library/ScriptAssemblies/Unity.Services.Core.Device.dll
Symbol file LoadedFromMemory is not a mono symbol file
Symbol file LoadedFromMemory doesn't match image /Users/alex6095/Documents/GitHub/Project-Molu/Project-Molu/Library/PackageCache/com.unity.visualscripting@1.7.8/Editor/VisualScripting.Core/Dependencies/YamlDotNet/Unity.VisualScripting.YamlDotNet.dll
Symbol file LoadedFromMemory doesn't match image /Users/alex6095/Documents/GitHub/Project-Molu/Project-Molu/Library/PackageCache/com.unity.visualscripting@1.7.8/Editor/VisualScripting.Core/Dependencies/DotNetZip/Unity.VisualScripting.IonicZip.dll
Native extension for iOS target not found
2022-07-20 13:23:08.396 Unity[7791:434400] [XcodeApplications] Failed to read NSDictionary from path ĝjE/Contents/Info.plist
Native extension for Android target not found
Native extension for OSXStandalone target not found
Refreshing native plugins compatible for Editor in 0.88 ms, found 2 plugins.
Preloading 0 native plugins for Editor in 0.00 ms.
Mono: successfully reloaded assembly
- Completed reload, in  0.790 seconds
Domain Reload Profiling:
	ReloadAssembly (791ms)
		BeginReloadAssembly (75ms)
			ExecutionOrderSort (0ms)
			DisableScriptedObjects (4ms)
			BackupInstance (0ms)
			ReleaseScriptingObjects (0ms)
			CreateAndSetChildDomain (26ms)
		EndReloadAssembly (658ms)
			LoadAssemblies (34ms)
			RebuildTransferFunctionScriptingTraits (0ms)
			SetupTypeCache (203ms)
			ReleaseScriptCaches (1ms)
			RebuildScriptCaches (37ms)
			SetupLoadedEditorAssemblies (345ms)
				LogAssemblyErrors (0ms)
				InitializePlatformSupportModulesInManaged (19ms)
				SetLoadedEditorAssemblies (0ms)
				RefreshPlugins (1ms)
				BeforeProcessingInitializeOnLoad (45ms)
				ProcessInitializeOnLoadAttributes (256ms)
				ProcessInitializeOnLoadMethodAttributes (22ms)
				AfterProcessingInitializeOnLoad (1ms)
				EditorAssembliesLoaded (0ms)
			ExecutionOrderSort2 (0ms)
			AwakeInstancesAfterBackupRestoration (4ms)
Platform modules already initialized, skipping
Refreshing native plugins compatible for Editor in 1.02 ms, found 2 plugins.
Preloading 0 native plugins for Editor in 0.00 ms.
Unloading 4079 Unused Serialized files (Serialized files now loaded: 0)
Unloading 120 unused Assets / (14.2 MB). Loaded Objects now: 4582.
Memory consumption went from 408.1 MB to 393.9 MB.
Total: 6.297667 ms (FindLiveObjects: 0.147625 ms CreateObjectMapping: 0.053583 ms MarkObjects: 2.145792 ms  DeleteObjects: 3.949834 ms)

AssetImportParameters requested are different than current active one (requested -> active):
  custom:video-decoder-ogg-theora: a1e56fd34408186e4bbccfd4996cb3dc -> 
  custom:container-muxer-webm: aa71ff27fc2769a1b78a27578f13a17b -> 
  custom:container-demuxer-webm: 4f35f7cbe854078d1ac9338744f61a02 -> 
  custom:video-encoder-webm-vp8: eb34c28f22e8b96e1ab97ce403110664 -> 
  custom:framework-osx-AVFoundation: e770b220cccbd017edd2c1fefb359320 -> 
  custom:audio-encoder-webm-vorbis: bf7c407c2cedff20999df2af8eb42d56 -> 
  custom:container-demuxer-ogg: 62fdf1f143b41e24485cea50d1cbac27 -> 
  custom:video-decoder-webm-vp8: 9c59270c3fd7afecdb556c50c9e8de78 -> 
  custom:audio-decoder-ogg-vorbis: bf7c407c2cedff20999df2af8eb42d56 -> 
========================================================================
Received Prepare
Refreshing native plugins compatible for Editor in 4.30 ms, found 2 plugins.
Preloading 0 native plugins for Editor in 0.00 ms.
Unloading 120 Unused Serialized files (Serialized files now loaded: 0)
Unloading 120 unused Assets / (14.2 MB). Loaded Objects now: 4582.
Memory consumption went from 329.0 MB to 314.8 MB.
Total: 7.176875 ms (FindLiveObjects: 0.157625 ms CreateObjectMapping: 0.053042 ms MarkObjects: 2.204750 ms  DeleteObjects: 4.760750 ms)

AssetImportParameters requested are different than current active one (requested -> active):
  custom:video-decoder-ogg-theora: a1e56fd34408186e4bbccfd4996cb3dc -> 
  custom:container-muxer-webm: aa71ff27fc2769a1b78a27578f13a17b -> 
  custom:container-demuxer-webm: 4f35f7cbe854078d1ac9338744f61a02 -> 
  custom:video-encoder-webm-vp8: eb34c28f22e8b96e1ab97ce403110664 -> 
  custom:framework-osx-AVFoundation: e770b220cccbd017edd2c1fefb359320 -> 
  custom:audio-encoder-webm-vorbis: bf7c407c2cedff20999df2af8eb42d56 -> 
  custom:container-demuxer-ogg: 62fdf1f143b41e24485cea50d1cbac27 -> 
  custom:video-decoder-webm-vp8: 9c59270c3fd7afecdb556c50c9e8de78 -> 
  custom:audio-decoder-ogg-vorbis: bf7c407c2cedff20999df2af8eb42d56 -> 
========================================================================
Received Prepare
Refreshing native plugins compatible for Editor in 1.59 ms, found 2 plugins.
Preloading 0 native plugins for Editor in 0.00 ms.
Unloading 120 Unused Serialized files (Serialized files now loaded: 0)
Unloading 120 unused Assets / (14.2 MB). Loaded Objects now: 4582.
Memory consumption went from 329.0 MB to 314.8 MB.
Total: 7.234875 ms (FindLiveObjects: 0.157708 ms CreateObjectMapping: 0.057583 ms MarkObjects: 2.146333 ms  DeleteObjects: 4.872792 ms)

AssetImportParameters requested are different than current active one (requested -> active):
  custom:video-decoder-ogg-theora: a1e56fd34408186e4bbccfd4996cb3dc -> 
  custom:container-muxer-webm: aa71ff27fc2769a1b78a27578f13a17b -> 
  custom:container-demuxer-webm: 4f35f7cbe854078d1ac9338744f61a02 -> 
  custom:video-encoder-webm-vp8: eb34c28f22e8b96e1ab97ce403110664 -> 
  custom:framework-osx-AVFoundation: e770b220cccbd017edd2c1fefb359320 -> 
  custom:audio-encoder-webm-vorbis: bf7c407c2cedff20999df2af8eb42d56 -> 
  custom:container-demuxer-ogg: 62fdf1f143b41e24485cea50d1cbac27 -> 
  custom:video-decoder-webm-vp8: 9c59270c3fd7afecdb556c50c9e8de78 -> 
  custom:audio-decoder-ogg-vorbis: bf7c407c2cedff20999df2af8eb42d56 -> 
